<?xml version="1.0" encoding="utf-8"?>
<TestRun id="4f29e2d7-5787-42f8-b58e-21e13e0c2a59" name="david@DAVID-G717 2026-03-24 18:42:44" runUser="DAVID-G717\david" xmlns="http://microsoft.com/schemas/VisualStudio/TeamTest/2010">
  <Times creation="2026-03-24T18:42:44.8867022-05:00" queuing="2026-03-24T18:42:44.8867023-05:00" start="2026-03-24T18:42:44.0287019-05:00" finish="2026-03-24T18:42:55.8857488-05:00" />
  <TestSettings name="default" id="ae7547a6-0c88-4f3f-8d45-6bc634c7e374">
    <Deployment runDeploymentRoot="david_DAVID-G717_2026-03-24_18_42_44" />
  </TestSettings>
  <Results>
    <UnitTestResult executionId="a0f22594-1957-4ec2-bfb6-5be7f52d0727" testId="e613d856-7fd3-4696-4684-d7572c857d76" testName="CalculationGroupTableLineageTagTest" computerName="DAVID-G717" duration="00:00:00.0016361" startTime="2026-03-24T18:42:45.4577416-05:00" endTime="2026-03-24T18:42:45.4594249-05:00" testType="13cdc9d9-ddb5-4fa4-a97d-d965ccfc6d4b" outcome="Passed" testListId="8c84fa94-04c1-424b-9868-57a2d4851a1d" relativeResultsDirectory="a0f22594-1957-4ec2-bfb6-5be7f52d0727" />
    <UnitTestResult executionId="b8f8f0c3-3fb5-419d-a005-211893abbf77" testId="dd88f3fe-e6bd-8fcf-9a54-52d805c07efb" testName="Model_AddPerspective_BaseTest_1200" computerName="DAVID-G717" duration="00:00:00.0180553" startTime="2026-03-24T18:42:46.1900257-05:00" endTime="2026-03-24T18:42:46.2086587-05:00" testType="13cdc9d9-ddb5-4fa4-a97d-d965ccfc6d4b" outcome="Passed" testListId="8c84fa94-04c1-424b-9868-57a2d4851a1d" relativeResultsDirectory="b8f8f0c3-3fb5-419d-a005-211893abbf77" />
    <UnitTestResult executionId="e0e5daca-5d7a-4362-9bb7-8b4dfe2d49f4" testId="cde6de17-3c16-5903-5dc8-a9875bce4ac7" testName="DataColumnDisplayFolderTest" computerName="DAVID-G717" duration="00:00:00.0033629" startTime="2026-03-24T18:42:45.1794321-05:00" endTime="2026-03-24T18:42:45.1828416-05:00" testType="13cdc9d9-ddb5-4fa4-a97d-d965ccfc6d4b" outcome="Passed" testListId="8c84fa94-04c1-424b-9868-57a2d4851a1d" relativeResultsDirectory="e0e5daca-5d7a-4362-9bb7-8b4dfe2d49f4" />
    <UnitTestResult executionId="eaa1afe2-b076-48ec-8baa-044e884f7e11" testId="7b77dd2f-3978-7cda-6656-0adb3a3b75a7" testName="DataColumnSummarizeByTest" computerName="DAVID-G717" duration="00:00:00.0032522" startTime="2026-03-24T18:42:45.1665671-05:00" endTime="2026-03-24T18:42:45.1698698-05:00" testType="13cdc9d9-ddb5-4fa4-a97d-d965ccfc6d4b" outcome="Passed" testListId="8c84fa94-04c1-424b-9868-57a2d4851a1d" relativeResultsDirectory="eaa1afe2-b076-48ec-8baa-044e884f7e11" />
    <UnitTestResult executionId="1c5b66fc-b827-4dd6-b620-6977fbe6dcc7" testId="a540e047-8362-a669-ecab-815a52d22e67" testName="Table_AddMeasure_UndoRedoTest_1400" computerName="DAVID-G717" duration="00:00:00.0147491" startTime="2026-03-24T18:42:48.9583114-05:00" endTime="2026-03-24T18:42:48.9732775-05:00" testType="13cdc9d9-ddb5-4fa4-a97d-d965ccfc6d4b" outcome="Passed" testListId="8c84fa94-04c1-424b-9868-57a2d4851a1d" relativeResultsDirectory="1c5b66fc-b827-4dd6-b620-6977fbe6dcc7" />
    <UnitTestResult executionId="a62d9808-da3e-40ef-b64a-f89520cf28de" testId="e067a29e-99c2-e427-622d-5d9f6b0d9783" testName="Model_AddCalculationGroup_DeleteUndoRedoTest_1500" computerName="DAVID-G717" duration="00:00:00.0121499" startTime="2026-03-24T18:42:49.9945019-05:00" endTime="2026-03-24T18:42:50.0067818-05:00" testType="13cdc9d9-ddb5-4fa4-a97d-d965ccfc6d4b" outcome="Passed" testListId="8c84fa94-04c1-424b-9868-57a2d4851a1d" relativeResultsDirectory="a62d9808-da3e-40ef-b64a-f89520cf28de" />
    <UnitTestResult executionId="735c7288-7b53-4643-a775-0841ea16519b" testId="b4506d22-ab9a-c4c1-3c84-b433a6a6ef4f" testName="CopyTable" computerName="DAVID-G717" duration="00:00:00.0041457" startTime="2026-03-24T18:42:55.7972226-05:00" endTime="2026-03-24T18:42:55.8014787-05:00" testType="13cdc9d9-ddb5-4fa4-a97d-d965ccfc6d4b" outcome="Passed" testListId="8c84fa94-04c1-424b-9868-57a2d4851a1d" relativeResultsDirectory="735c7288-7b53-4643-a775-0841ea16519b" />
    <UnitTestResult executionId="9fb40819-37f0-4c2a-99b2-36b0d4913102" testId="5ff39a9c-b9f1-d166-7b15-28ec2f4c095d" testName="Table_AddHierarchy_RenameTest_1200" computerName="DAVID-G717" duration="00:00:00.0159471" startTime="2026-03-24T18:42:47.4965115-05:00" endTime="2026-03-24T18:42:47.5126421-05:00" testType="13cdc9d9-ddb5-4fa4-a97d-d965ccfc6d4b" outcome="Passed" testListId="8c84fa94-04c1-424b-9868-57a2d4851a1d" relativeResultsDirectory="9fb40819-37f0-4c2a-99b2-36b0d4913102" />
    <UnitTestResult executionId="e75e832b-388f-4d39-9764-7625445639cb" testId="74cc1c78-f432-7d40-f71d-d18d833a38dc" testName="DataColumnFormatStringTest" computerName="DAVID-G717" duration="00:00:00.0024206" startTime="2026-03-24T18:42:45.1698973-05:00" endTime="2026-03-24T18:42:45.1723757-05:00" testType="13cdc9d9-ddb5-4fa4-a97d-d965ccfc6d4b" outcome="Passed" testListId="8c84fa94-04c1-424b-9868-57a2d4851a1d" relativeResultsDirectory="e75e832b-388f-4d39-9764-7625445639cb" />
    <UnitTestResult executionId="448eb0e5-0df1-40a4-9498-ee0b7dbab246" testId="90f0ecf6-a64e-fcc1-6630-ed64d863c60a" testName="Table_AddCalculatedColumn_UndoRedoTest_1500" computerName="DAVID-G717" duration="00:00:00.0137302" startTime="2026-03-24T18:42:51.0087739-05:00" endTime="2026-03-24T18:42:51.0226198-05:00" testType="13cdc9d9-ddb5-4fa4-a97d-d965ccfc6d4b" outcome="Passed" testListId="8c84fa94-04c1-424b-9868-57a2d4851a1d" relativeResultsDirectory="448eb0e5-0df1-40a4-9498-ee0b7dbab246" />
    <UnitTestResult executionId="99ff7c79-264f-4cc4-a80d-873acae220bf" testId="04368bda-ba79-11fe-2414-4b327a714931" testName="Model_AddTable_DeleteUndoTest_1400" computerName="DAVID-G717" duration="00:00:00.0217627" startTime="2026-03-24T18:42:48.0809890-05:00" endTime="2026-03-24T18:42:48.1030189-05:00" testType="13cdc9d9-ddb5-4fa4-a97d-d965ccfc6d4b" outcome="Passed" testListId="8c84fa94-04c1-424b-9868-57a2d4851a1d" relativeResultsDirectory="99ff7c79-264f-4cc4-a80d-873acae220bf" />
    <UnitTestResult executionId="5d14bf04-9a81-4e8a-853e-65adba7ddc0d" testId="6d90151a-95ef-a899-5571-3d85efed4a48" testName="TableNameTest" computerName="DAVID-G717" duration="00:00:00.0031410" startTime="2026-03-24T18:42:45.1087537-05:00" endTime="2026-03-24T18:42:45.1119415-05:00" testType="13cdc9d9-ddb5-4fa4-a97d-d965ccfc6d4b" outcome="Passed" testListId="8c84fa94-04c1-424b-9868-57a2d4851a1d" relativeResultsDirectory="5d14bf04-9a81-4e8a-853e-65adba7ddc0d" />
    <UnitTestResult executionId="9ee8a529-5ec1-4d8a-be2a-1b8b69a0b46c" testId="12dc4fc1-f42a-fb6b-50c3-e545ac0468f6" testName="Table_AddHierarchy_DeleteTest_1500" computerName="DAVID-G717" duration="00:00:00.0112885" startTime="2026-03-24T18:42:51.2158382-05:00" endTime="2026-03-24T18:42:51.2271930-05:00" testType="13cdc9d9-ddb5-4fa4-a97d-d965ccfc6d4b" outcome="Passed" testListId="8c84fa94-04c1-424b-9868-57a2d4851a1d" relativeResultsDirectory="9ee8a529-5ec1-4d8a-be2a-1b8b69a0b46c" />
    <UnitTestResult executionId="bf952b78-9271-4bbe-a0c2-d8c17a562c9f" testId="52e910c2-1a91-51a5-018a-4e3ac7c0fda7" testName="StructuredDataSourceDomainTest" computerName="DAVID-G717" duration="00:00:00.0017099" startTime="2026-03-24T18:42:44.9789987-05:00" endTime="2026-03-24T18:42:44.9807644-05:00" testType="13cdc9d9-ddb5-4fa4-a97d-d965ccfc6d4b" outcome="Passed" testListId="8c84fa94-04c1-424b-9868-57a2d4851a1d" relativeResultsDirectory="bf952b78-9271-4bbe-a0c2-d8c17a562c9f" />
    <UnitTestResult executionId="80e54b4a-141d-4c25-9a36-9547694f6d09" testId="89613d1c-a78d-4083-cb62-539b949c9530" testName="Model_AddPerspective_BaseTest_1500" computerName="DAVID-G717" duration="00:00:00.0122638" startTime="2026-03-24T18:42:49.6039684-05:00" endTime="2026-03-24T18:42:49.6164150-05:00" testType="13cdc9d9-ddb5-4fa4-a97d-d965ccfc6d4b" outcome="Passed" testListId="8c84fa94-04c1-424b-9868-57a2d4851a1d" relativeResultsDirectory="80e54b4a-141d-4c25-9a36-9547694f6d09" />
    <UnitTestResult executionId="ce17781e-81bd-41ec-8fa4-55829b5d5b2a" testId="61f17050-058a-d445-9bb4-37debc156310" testName="Model_AddDataSource_DeleteUndoRedoTest_1400" computerName="DAVID-G717" duration="00:00:00.0277456" startTime="2026-03-24T18:42:48.7442988-05:00" endTime="2026-03-24T18:42:48.7722695-05:00" testType="13cdc9d9-ddb5-4fa4-a97d-d965ccfc6d4b" outcome="Passed" testListId="8c84fa94-04c1-424b-9868-57a2d4851a1d" relativeResultsDirectory="ce17781e-81bd-41ec-8fa4-55829b5d5b2a" />
    <UnitTestResult executionId="5ec64aad-f0cd-4398-bfa3-54c82a0e5604" testId="c1d02dad-625f-4af8-2d66-d40089a6e3bf" testName="Table_AddMPartition_DeleteUndoUndoTest_1500" computerName="DAVID-G717" duration="00:00:00.0217392" startTime="2026-03-24T18:42:50.9537635-05:00" endTime="2026-03-24T18:42:50.9756120-05:00" testType="13cdc9d9-ddb5-4fa4-a97d-d965ccfc6d4b" outcome="Passed" testListId="8c84fa94-04c1-424b-9868-57a2d4851a1d" relativeResultsDirectory="5ec64aad-f0cd-4398-bfa3-54c82a0e5604" />
    <UnitTestResult executionId="82a2cfad-0409-4884-86fe-d951973805f7" testId="a9bf2a70-53e3-28ae-45b8-7a9bd2295a2b" testName="DeploymentErrorMessages" computerName="DAVID-G717" duration="00:00:00.0153141" startTime="2026-03-24T18:42:55.7626783-05:00" endTime="2026-03-24T18:42:55.7780542-05:00" testType="13cdc9d9-ddb5-4fa4-a97d-d965ccfc6d4b" outcome="Failed" testListId="8c84fa94-04c1-424b-9868-57a2d4851a1d" relativeResultsDirectory="82a2cfad-0409-4884-86fe-d951973805f7">
      <Output>
        <ErrorInfo>
          <Message>Test method TOMWrapperTest.RegressionTests.v2_8_5.ErrorReportingTests.DeploymentErrorMessages threw exception: &#xD;
System.TypeInitializationException: The type initializer for 'TOMWrapperTest.Constants' threw an exception. ---&gt; Microsoft.VisualStudio.TestTools.UnitTesting.AssertFailedException: Assert.Fail failed. Test Server not specified. Please set environment variable TE_TestServer with the connection string of the AS engine server to use for testing</Message>
          <StackTrace>   at TOMWrapperTest.Constants.GetServerName() in C:\Users\david\source\repos\TabularEditor\TOMWrapperTest\Constants.cs:line 18&#xD;
   at TOMWrapperTest.Constants..cctor() in C:\Users\david\source\repos\TabularEditor\TOMWrapperTest\Constants.cs:line 12&#xD;
--- End of inner exception stack trace ---&#xD;
    at TOMWrapperTest.RegressionTests.v2_8_5.ErrorReportingTests.DeploymentErrorMessages() in C:\Users\david\source\repos\TabularEditor\TOMWrapperTest\RegressionTests\v2_8_5\ErrorReportingTests.cs:line 20&#xD;
   at System.RuntimeMethodHandle.InvokeMethod(Object target, Void** arguments, Signature sig, Boolean isConstructor)&#xD;
   at System.Reflection.MethodBaseInvoker.InvokeWithNoArgs(Object obj, BindingFlags invokeAttr)&#xD;
</StackTrace>
        </ErrorInfo>
      </Output>
    </UnitTestResult>
    <UnitTestResult executionId="80783982-3204-4f09-9f00-2df0750340f6" testId="50bd3786-bc94-3c30-dec6-9eb139cdb928" testName="BatchActionTest" computerName="DAVID-G717" duration="00:00:00.0009439" startTime="2026-03-24T18:42:51.2754369-05:00" endTime="2026-03-24T18:42:51.2766473-05:00" testType="13cdc9d9-ddb5-4fa4-a97d-d965ccfc6d4b" outcome="Failed" testListId="8c84fa94-04c1-424b-9868-57a2d4851a1d" relativeResultsDirectory="80783982-3204-4f09-9f00-2df0750340f6">
      <Output>
        <ErrorInfo>
          <Message>Test method TabularEditor.TOMWrapper.Tests.UndoManagerTests.BatchActionTest threw exception: &#xD;
System.TypeInitializationException: The type initializer for 'TOMWrapperTest.Constants' threw an exception. ---&gt; Microsoft.VisualStudio.TestTools.UnitTesting.AssertFailedException: Assert.Fail failed. Test Server not specified. Please set environment variable TE_TestServer with the connection string of the AS engine server to use for testing</Message>
          <StackTrace>   at TOMWrapperTest.Constants.GetServerName() in C:\Users\david\source\repos\TabularEditor\TOMWrapperTest\Constants.cs:line 18&#xD;
   at TOMWrapperTest.Constants..cctor() in C:\Users\david\source\repos\TabularEditor\TOMWrapperTest\Constants.cs:line 12&#xD;
--- End of inner exception stack trace ---&#xD;
    at TabularEditor.TOMWrapper.Tests.UndoManagerTests.BatchActionTest() in C:\Users\david\source\repos\TabularEditor\TOMWrapperTest\UndoManagerTests.cs:line 20&#xD;
   at System.RuntimeMethodHandle.InvokeMethod(Object target, Void** arguments, Signature sig, Boolean isConstructor)&#xD;
   at System.Reflection.MethodBaseInvoker.InvokeWithNoArgs(Object obj, BindingFlags invokeAttr)&#xD;
</StackTrace>
        </ErrorInfo>
      </Output>
    </UnitTestResult>
    <UnitTestResult executionId="ab5104a3-94ca-4690-8acb-048fb8edb0cc" testId="235c7f97-9357-a63f-538d-5471e7c7ff4e" testName="KPIStatusGraphicTest" computerName="DAVID-G717" duration="00:00:00.0020304" startTime="2026-03-24T18:42:45.3107214-05:00" endTime="2026-03-24T18:42:45.3127999-05:00" testType="13cdc9d9-ddb5-4fa4-a97d-d965ccfc6d4b" outcome="Passed" testListId="8c84fa94-04c1-424b-9868-57a2d4851a1d" relativeResultsDirectory="ab5104a3-94ca-4690-8acb-048fb8edb0cc" />
    <UnitTestResult executionId="b0aa11eb-b33a-433c-951a-736b313062bd" testId="b43b2564-71e3-89da-5b7c-e47c417586bd" testName="Model_AddRole_BaseTest_1500" computerName="DAVID-G717" duration="00:00:00.0115746" startTime="2026-03-24T18:42:50.3481355-05:00" endTime="2026-03-24T18:42:50.3598392-05:00" testType="13cdc9d9-ddb5-4fa4-a97d-d965ccfc6d4b" outcome="Passed" testListId="8c84fa94-04c1-424b-9868-57a2d4851a1d" relativeResultsDirectory="b0aa11eb-b33a-433c-951a-736b313062bd" />
    <UnitTestResult executionId="af951e47-2c45-461f-b69f-3f40e8b29609" testId="acd18877-cf5a-001f-2da7-bb57346e7b64" testName="DeleteMeasureTest" computerName="DAVID-G717" duration="00:00:00.0318582" startTime="2026-03-24T18:42:45.8374981-05:00" endTime="2026-03-24T18:42:45.8695151-05:00" testType="13cdc9d9-ddb5-4fa4-a97d-d965ccfc6d4b" outcome="Failed" testListId="8c84fa94-04c1-424b-9868-57a2d4851a1d" relativeResultsDirectory="af951e47-2c45-461f-b69f-3f40e8b29609">
      <Output>
        <ErrorInfo>
          <Message>Initialization method TabularEditor.TOMWrapper.Tests.TabularModelHandlerTests.SetupTomwrapperTest threw exception. Assert.Fail failed. Test Server not specified. Please set environment variable TE_TestServer with the connection string of the AS engine server to use for testing.</Message>
          <StackTrace>   at TOMWrapperTest.Constants.GetServerName() in C:\Users\david\source\repos\TabularEditor\TOMWrapperTest\Constants.cs:line 18&#xD;
   at TOMWrapperTest.Constants..cctor() in C:\Users\david\source\repos\TabularEditor\TOMWrapperTest\Constants.cs:line 12&#xD;
</StackTrace>
        </ErrorInfo>
      </Output>
    </UnitTestResult>
    <UnitTestResult executionId="2a789a4b-4783-4b7e-a885-bb9aaf2cac08" testId="6244c834-0558-4a12-c6b1-649df4714947" testName="NamedExpressionKindTest" computerName="DAVID-G717" duration="00:00:00.0025689" startTime="2026-03-24T18:42:45.5057217-05:00" endTime="2026-03-24T18:42:45.5083498-05:00" testType="13cdc9d9-ddb5-4fa4-a97d-d965ccfc6d4b" outcome="Passed" testListId="8c84fa94-04c1-424b-9868-57a2d4851a1d" relativeResultsDirectory="2a789a4b-4783-4b7e-a885-bb9aaf2cac08" />
    <UnitTestResult executionId="53fda617-75e6-4ee4-bc9b-ac264f895c17" testId="a58ec945-4e36-ccc3-d837-408037e18f24" testName="Model_AddTable_BaseTest_1400" computerName="DAVID-G717" duration="00:00:00.0187915" startTime="2026-03-24T18:42:47.9973990-05:00" endTime="2026-03-24T18:42:48.0163930-05:00" testType="13cdc9d9-ddb5-4fa4-a97d-d965ccfc6d4b" outcome="Passed" testListId="8c84fa94-04c1-424b-9868-57a2d4851a1d" relativeResultsDirectory="53fda617-75e6-4ee4-bc9b-ac264f895c17" />
    <UnitTestResult executionId="bf2fb4ee-6265-4f92-b26e-b60d5d432036" testId="fe18fec2-5a80-83b5-655e-6f399ab27fc2" testName="CalculationGroupTableDataCategoryTest" computerName="DAVID-G717" duration="00:00:00.0017744" startTime="2026-03-24T18:42:45.4455193-05:00" endTime="2026-03-24T18:42:45.4473477-05:00" testType="13cdc9d9-ddb5-4fa4-a97d-d965ccfc6d4b" outcome="Passed" testListId="8c84fa94-04c1-424b-9868-57a2d4851a1d" relativeResultsDirectory="bf2fb4ee-6265-4f92-b26e-b60d5d432036" />
    <UnitTestResult executionId="6474eec4-de12-4338-8692-5916ccd158f1" testId="29e7d7c4-467a-217c-5ab2-936be2840b64" testName="ReadOnlyModePBit" computerName="DAVID-G717" duration="00:00:00.0455347" startTime="2026-03-24T18:42:53.7598619-05:00" endTime="2026-03-24T18:42:53.8054934-05:00" testType="13cdc9d9-ddb5-4fa4-a97d-d965ccfc6d4b" outcome="Passed" testListId="8c84fa94-04c1-424b-9868-57a2d4851a1d" relativeResultsDirectory="6474eec4-de12-4338-8692-5916ccd158f1" />
    <UnitTestResult executionId="f04f4395-d6d0-494b-9d9e-f875e6ef5401" testId="9a4b44d2-e403-e0f9-6eb2-d023c0b2d1cf" testName="Model_AddTranslation_UndoRedoTest_1200" computerName="DAVID-G717" duration="00:00:00.0116882" startTime="2026-03-24T18:42:46.6510784-05:00" endTime="2026-03-24T18:42:46.6629606-05:00" testType="13cdc9d9-ddb5-4fa4-a97d-d965ccfc6d4b" outcome="Passed" testListId="8c84fa94-04c1-424b-9868-57a2d4851a1d" relativeResultsDirectory="f04f4395-d6d0-494b-9d9e-f875e6ef5401" />
    <UnitTestResult executionId="defa7f5a-7dc1-45e7-95f7-644a6331270c" testId="324107d5-fa7b-6221-78fe-918ed00a2068" testName="Model_AddTranslation_DeleteUndoUndoTest_1200" computerName="DAVID-G717" duration="00:00:00.0120820" startTime="2026-03-24T18:42:46.7019939-05:00" endTime="2026-03-24T18:42:46.7142449-05:00" testType="13cdc9d9-ddb5-4fa4-a97d-d965ccfc6d4b" outcome="Passed" testListId="8c84fa94-04c1-424b-9868-57a2d4851a1d" relativeResultsDirectory="defa7f5a-7dc1-45e7-95f7-644a6331270c" />
    <UnitTestResult executionId="734797c6-4527-4259-9272-1ed31d9dabed" testId="f96deb0b-2b15-e028-9515-fddf9365316a" testName="ModelDisableAutoExistsTest" computerName="DAVID-G717" duration="00:00:00.0018228" startTime="2026-03-24T18:42:44.8734984-05:00" endTime="2026-03-24T18:42:44.8754053-05:00" testType="13cdc9d9-ddb5-4fa4-a97d-d965ccfc6d4b" outcome="Passed" testListId="8c84fa94-04c1-424b-9868-57a2d4851a1d" relativeResultsDirectory="734797c6-4527-4259-9272-1ed31d9dabed" />
    <UnitTestResult executionId="a4703aac-ff0c-43a5-9bbc-b67866578e0c" testId="a0150322-47e5-d2c4-4d2b-a9302209b46a" testName="StructuredDataSourcePropertyTest" computerName="DAVID-G717" duration="00:00:00.0017159" startTime="2026-03-24T18:42:44.9900283-05:00" endTime="2026-03-24T18:42:44.9918259-05:00" testType="13cdc9d9-ddb5-4fa4-a97d-d965ccfc6d4b" outcome="Passed" testListId="8c84fa94-04c1-424b-9868-57a2d4851a1d" relativeResultsDirectory="a4703aac-ff0c-43a5-9bbc-b67866578e0c" />
    <UnitTestResult executionId="76298f9d-e27a-403e-935f-ded5ca312f63" testId="1492bbba-793a-f8cc-bfb9-16f0bb60a13a" testName="CalculationGroupDescriptionTest" computerName="DAVID-G717" duration="00:00:00.0015702" startTime="2026-03-24T18:42:45.4719755-05:00" endTime="2026-03-24T18:42:45.4736331-05:00" testType="13cdc9d9-ddb5-4fa4-a97d-d965ccfc6d4b" outcome="Passed" testListId="8c84fa94-04c1-424b-9868-57a2d4851a1d" relativeResultsDirectory="76298f9d-e27a-403e-935f-ded5ca312f63" />
    <UnitTestResult executionId="b1a045e4-124a-42ed-89a5-3a420736cb65" testId="498b9a28-5681-4323-57ae-882e59aba79b" testName="DeleteTableTest" computerName="DAVID-G717" duration="00:00:00.0212878" startTime="2026-03-24T18:42:44.7705954-05:00" endTime="2026-03-24T18:42:44.7920114-05:00" testType="13cdc9d9-ddb5-4fa4-a97d-d965ccfc6d4b" outcome="Failed" testListId="8c84fa94-04c1-424b-9868-57a2d4851a1d" relativeResultsDirectory="b1a045e4-124a-42ed-89a5-3a420736cb65">
      <Output>
        <ErrorInfo>
          <Message>Test method TabularEditor.TOMWrapper.ObjectHandlingTests.DeleteTableTest threw exception: &#xD;
System.TypeInitializationException: The type initializer for 'TOMWrapperTest.Constants' threw an exception. ---&gt; Microsoft.VisualStudio.TestTools.UnitTesting.AssertFailedException: Assert.Fail failed. Test Server not specified. Please set environment variable TE_TestServer with the connection string of the AS engine server to use for testing</Message>
          <StackTrace>   at TOMWrapperTest.Constants.GetServerName() in C:\Users\david\source\repos\TabularEditor\TOMWrapperTest\Constants.cs:line 18&#xD;
   at TOMWrapperTest.Constants..cctor() in C:\Users\david\source\repos\TabularEditor\TOMWrapperTest\Constants.cs:line 12&#xD;
--- End of inner exception stack trace ---&#xD;
    at TabularEditor.TOMWrapper.ObjectHandlingTests.ResetAndConnect() in C:\Users\david\source\repos\TabularEditor\TOMWrapperTest\ObjectHandlingTests.cs:line 155&#xD;
   at TabularEditor.TOMWrapper.ObjectHandlingTests.DeleteTableTest() in C:\Users\david\source\repos\TabularEditor\TOMWrapperTest\ObjectHandlingTests.cs:line 170&#xD;
   at System.RuntimeMethodHandle.InvokeMethod(Object target, Void** arguments, Signature sig, Boolean isConstructor)&#xD;
   at System.Reflection.MethodBaseInvoker.InvokeWithNoArgs(Object obj, BindingFlags invokeAttr)&#xD;
</StackTrace>
        </ErrorInfo>
      </Output>
    </UnitTestResult>
    <UnitTestResult executionId="d6168bba-e04d-4c69-b30c-fbee52ca29f7" testId="27457abb-298c-6020-c889-b6ade68da5a6" testName="Model_AddDataSource_UndoRedoTest_1400" computerName="DAVID-G717" duration="00:00:00.0266848" startTime="2026-03-24T18:42:48.6343770-05:00" endTime="2026-03-24T18:42:48.6612822-05:00" testType="13cdc9d9-ddb5-4fa4-a97d-d965ccfc6d4b" outcome="Passed" testListId="8c84fa94-04c1-424b-9868-57a2d4851a1d" relativeResultsDirectory="d6168bba-e04d-4c69-b30c-fbee52ca29f7" />
    <UnitTestResult executionId="1601a07b-aac3-4298-8bb9-ec4b2441eac5" testId="63a4e7cd-3b32-006e-b5af-6ebc3b65c959" testName="Table_AddDataColumn_BaseTest_1200" computerName="DAVID-G717" duration="00:00:00.0140870" startTime="2026-03-24T18:42:47.2671785-05:00" endTime="2026-03-24T18:42:47.2814657-05:00" testType="13cdc9d9-ddb5-4fa4-a97d-d965ccfc6d4b" outcome="Passed" testListId="8c84fa94-04c1-424b-9868-57a2d4851a1d" relativeResultsDirectory="1601a07b-aac3-4298-8bb9-ec4b2441eac5" />
    <UnitTestResult executionId="3dc8779c-808b-4885-8e00-21a03a259479" testId="207ea766-8998-537a-24d5-a7c7751b2cce" testName="CalculatedTableNameTest" computerName="DAVID-G717" duration="00:00:00.0028536" startTime="2026-03-24T18:42:45.3890294-05:00" endTime="2026-03-24T18:42:45.3919507-05:00" testType="13cdc9d9-ddb5-4fa4-a97d-d965ccfc6d4b" outcome="Passed" testListId="8c84fa94-04c1-424b-9868-57a2d4851a1d" relativeResultsDirectory="3dc8779c-808b-4885-8e00-21a03a259479" />
    <UnitTestResult executionId="fcadc9fa-0a29-4920-bcb5-ceae6fcc11db" testId="994febb4-7192-0168-e127-478cbce90068" testName="CreateHierarchyTest" computerName="DAVID-G717" duration="00:00:00.0450719" startTime="2026-03-24T18:42:46.0029743-05:00" endTime="2026-03-24T18:42:46.0481842-05:00" testType="13cdc9d9-ddb5-4fa4-a97d-d965ccfc6d4b" outcome="Failed" testListId="8c84fa94-04c1-424b-9868-57a2d4851a1d" relativeResultsDirectory="fcadc9fa-0a29-4920-bcb5-ceae6fcc11db">
      <Output>
        <ErrorInfo>
          <Message>Initialization method TabularEditor.TOMWrapper.Tests.TabularModelHandlerTests.SetupTomwrapperTest threw exception. Assert.Fail failed. Test Server not specified. Please set environment variable TE_TestServer with the connection string of the AS engine server to use for testing.</Message>
          <StackTrace>   at TOMWrapperTest.Constants.GetServerName() in C:\Users\david\source\repos\TabularEditor\TOMWrapperTest\Constants.cs:line 18&#xD;
   at TOMWrapperTest.Constants..cctor() in C:\Users\david\source\repos\TabularEditor\TOMWrapperTest\Constants.cs:line 12&#xD;
</StackTrace>
        </ErrorInfo>
      </Output>
    </UnitTestResult>
    <UnitTestResult executionId="c9917c64-acff-4513-b366-0b37f71f754f" testId="fa2380e4-f94c-b3e3-f8f3-bffdc296a861" testName="Table_AddCalculatedColumn_DeleteUndoRedoTest_1500" computerName="DAVID-G717" duration="00:00:00.0132723" startTime="2026-03-24T18:42:51.0499046-05:00" endTime="2026-03-24T18:42:51.0632602-05:00" testType="13cdc9d9-ddb5-4fa4-a97d-d965ccfc6d4b" outcome="Passed" testListId="8c84fa94-04c1-424b-9868-57a2d4851a1d" relativeResultsDirectory="c9917c64-acff-4513-b366-0b37f71f754f" />
    <UnitTestResult executionId="1d5c47ea-789c-4d17-9f9f-85868ed2528d" testId="e7e7c6b3-4cb7-2698-14b5-5d30079ac905" testName="Table_AddCalculatedColumn_UndoRedoTest_1200" computerName="DAVID-G717" duration="00:00:00.0289630" startTime="2026-03-24T18:42:47.1620633-05:00" endTime="2026-03-24T18:42:47.1912103-05:00" testType="13cdc9d9-ddb5-4fa4-a97d-d965ccfc6d4b" outcome="Passed" testListId="8c84fa94-04c1-424b-9868-57a2d4851a1d" relativeResultsDirectory="1d5c47ea-789c-4d17-9f9f-85868ed2528d" />
    <UnitTestResult executionId="d3c34f6d-163a-4627-af87-6b4c5e851c0c" testId="584063c5-94b2-17ca-e48b-a9829a860c79" testName="Model_AddDataSource_DeleteUndoUndoTest_1500" computerName="DAVID-G717" duration="00:00:00.0117267" startTime="2026-03-24T18:42:50.5492938-05:00" endTime="2026-03-24T18:42:50.5611449-05:00" testType="13cdc9d9-ddb5-4fa4-a97d-d965ccfc6d4b" outcome="Passed" testListId="8c84fa94-04c1-424b-9868-57a2d4851a1d" relativeResultsDirectory="d3c34f6d-163a-4627-af87-6b4c5e851c0c" />
    <UnitTestResult executionId="07990040-e3fb-48d1-8d64-831b7e367853" testId="76033821-b058-fb02-b4a0-19a4e4760dc4" testName="DataColumnLineageTagTest" computerName="DAVID-G717" duration="00:00:00.0022132" startTime="2026-03-24T18:42:45.1865588-05:00" endTime="2026-03-24T18:42:45.1888262-05:00" testType="13cdc9d9-ddb5-4fa4-a97d-d965ccfc6d4b" outcome="Passed" testListId="8c84fa94-04c1-424b-9868-57a2d4851a1d" relativeResultsDirectory="07990040-e3fb-48d1-8d64-831b7e367853" />
    <UnitTestResult executionId="955ed35a-d8d0-45da-a08f-a1769e9a787c" testId="f6ab2457-454b-25fd-8cc4-f46e184bbc59" testName="CalculatedTableDefaultDetailRowsExpressionTest" computerName="DAVID-G717" duration="00:00:00.0018959" startTime="2026-03-24T18:42:45.3835805-05:00" endTime="2026-03-24T18:42:45.3855326-05:00" testType="13cdc9d9-ddb5-4fa4-a97d-d965ccfc6d4b" outcome="Passed" testListId="8c84fa94-04c1-424b-9868-57a2d4851a1d" relativeResultsDirectory="955ed35a-d8d0-45da-a08f-a1769e9a787c" />
    <UnitTestResult executionId="4b28c3e5-2f18-43d3-beef-385f55b6660a" testId="0e7969b7-f353-fd83-f55f-e296a70e4e62" testName="Table_AddCalculatedColumn_DeleteUndoUndoTest_1200" computerName="DAVID-G717" duration="00:00:00.0148474" startTime="2026-03-24T18:42:47.2363823-05:00" endTime="2026-03-24T18:42:47.2514019-05:00" testType="13cdc9d9-ddb5-4fa4-a97d-d965ccfc6d4b" outcome="Passed" testListId="8c84fa94-04c1-424b-9868-57a2d4851a1d" relativeResultsDirectory="4b28c3e5-2f18-43d3-beef-385f55b6660a" />
    <UnitTestResult executionId="4e37915d-7cd0-4a24-9368-211b70cefd1d" testId="931fe3db-6a39-fccb-73fe-4c03165d5a74" testName="Table_AddMeasure_UndoRedoTest_1200" computerName="DAVID-G717" duration="00:00:00.0113485" startTime="2026-03-24T18:42:46.9647854-05:00" endTime="2026-03-24T18:42:46.9762901-05:00" testType="13cdc9d9-ddb5-4fa4-a97d-d965ccfc6d4b" outcome="Passed" testListId="8c84fa94-04c1-424b-9868-57a2d4851a1d" relativeResultsDirectory="4e37915d-7cd0-4a24-9368-211b70cefd1d" />
    <UnitTestResult executionId="7abc3798-57c2-4f05-830c-9ac73b14a3a3" testId="ce41332b-1c4a-1f06-ed5f-6b0797138ec4" testName="MeasureDisplayFolderTest" computerName="DAVID-G717" duration="00:00:00.0020891" startTime="2026-03-24T18:42:45.2863008-05:00" endTime="2026-03-24T18:42:45.2884452-05:00" testType="13cdc9d9-ddb5-4fa4-a97d-d965ccfc6d4b" outcome="Passed" testListId="8c84fa94-04c1-424b-9868-57a2d4851a1d" relativeResultsDirectory="7abc3798-57c2-4f05-830c-9ac73b14a3a3" />
    <UnitTestResult executionId="103d6317-abc4-4297-b21a-f251cfc4e1a2" testId="e0923ead-3c20-e73b-9479-87b08e4bb07b" testName="DependencyWithUnderscoreInTableName" computerName="DAVID-G717" duration="00:00:00.0004793" startTime="2026-03-24T18:42:55.8202902-05:00" endTime="2026-03-24T18:42:55.8208390-05:00" testType="13cdc9d9-ddb5-4fa4-a97d-d965ccfc6d4b" outcome="Passed" testListId="8c84fa94-04c1-424b-9868-57a2d4851a1d" relativeResultsDirectory="103d6317-abc4-4297-b21a-f251cfc4e1a2" />
    <UnitTestResult executionId="546bb889-71c3-41c1-b72d-f439715aa841" testId="b7627367-2096-f80a-e680-f883fd47c4eb" testName="Model_AddStructuredDataSource_BaseTest_1400" computerName="DAVID-G717" duration="00:00:00.0158626" startTime="2026-03-24T18:42:48.8066999-05:00" endTime="2026-03-24T18:42:48.8228572-05:00" testType="13cdc9d9-ddb5-4fa4-a97d-d965ccfc6d4b" outcome="Passed" testListId="8c84fa94-04c1-424b-9868-57a2d4851a1d" relativeResultsDirectory="546bb889-71c3-41c1-b72d-f439715aa841" />
    <UnitTestResult executionId="db745425-9979-4e74-ab5f-a3ed5aa023f2" testId="266004a3-832e-6c03-73aa-4e50a5171214" testName="StructuredDataSourceAccountTest" computerName="DAVID-G717" duration="00:00:00.0023663" startTime="2026-03-24T18:42:44.9668483-05:00" endTime="2026-03-24T18:42:44.9692797-05:00" testType="13cdc9d9-ddb5-4fa4-a97d-d965ccfc6d4b" outcome="Passed" testListId="8c84fa94-04c1-424b-9868-57a2d4851a1d" relativeResultsDirectory="db745425-9979-4e74-ab5f-a3ed5aa023f2" />
    <UnitTestResult executionId="d7789390-ff73-4553-a22f-52d601cb6e84" testId="31498e2c-5e75-84fa-f731-2c1dddfabd7a" testName="CalculatedColumnTableDetailPositionTest" computerName="DAVID-G717" duration="00:00:00.0019247" startTime="2026-03-24T18:42:45.2185174-05:00" endTime="2026-03-24T18:42:45.2204929-05:00" testType="13cdc9d9-ddb5-4fa4-a97d-d965ccfc6d4b" outcome="Passed" testListId="8c84fa94-04c1-424b-9868-57a2d4851a1d" relativeResultsDirectory="d7789390-ff73-4553-a22f-52d601cb6e84" />
    <UnitTestResult executionId="92c65431-3a28-433d-960d-8f0e9363e22d" testId="e303bab0-3b83-7c5a-789d-1320bc7300fc" testName="PBIRestrictedTest" computerName="DAVID-G717" duration="00:00:00.3656251" startTime="2026-03-24T18:42:55.3076507-05:00" endTime="2026-03-24T18:42:55.6733243-05:00" testType="13cdc9d9-ddb5-4fa4-a97d-d965ccfc6d4b" outcome="Passed" testListId="8c84fa94-04c1-424b-9868-57a2d4851a1d" relativeResultsDirectory="92c65431-3a28-433d-960d-8f0e9363e22d" />
    <UnitTestResult executionId="26b06800-23c2-4cca-bb9d-f9a07bd2f964" testId="372e9f9b-2917-60bc-b7bd-274347d425b7" testName="Model_AddCalculationGroup_DeleteTest_1500" computerName="DAVID-G717" duration="00:00:00.0121766" startTime="2026-03-24T18:42:49.9697269-05:00" endTime="2026-03-24T18:42:49.9820078-05:00" testType="13cdc9d9-ddb5-4fa4-a97d-d965ccfc6d4b" outcome="Passed" testListId="8c84fa94-04c1-424b-9868-57a2d4851a1d" relativeResultsDirectory="26b06800-23c2-4cca-bb9d-f9a07bd2f964" />
    <UnitTestResult executionId="9bca0d5d-28d6-4ab4-b017-0207f9269428" testId="0af6f5bc-05ff-693f-9c4d-d0deddfef1b2" testName="Model_AddRole_DeleteUndoTest_1500" computerName="DAVID-G717" duration="00:00:00.0202167" startTime="2026-03-24T18:42:50.4042773-05:00" endTime="2026-03-24T18:42:50.4246205-05:00" testType="13cdc9d9-ddb5-4fa4-a97d-d965ccfc6d4b" outcome="Passed" testListId="8c84fa94-04c1-424b-9868-57a2d4851a1d" relativeResultsDirectory="9bca0d5d-28d6-4ab4-b017-0207f9269428" />
    <UnitTestResult executionId="b39b5365-3328-4a0b-a81d-8daac9034c14" testId="d895de5a-7dc3-b74d-6c62-9e5c4734bb6c" testName="Model_AddDataSource_UndoTest_1400" computerName="DAVID-G717" duration="00:00:00.0174182" startTime="2026-03-24T18:42:48.6166822-05:00" endTime="2026-03-24T18:42:48.6343110-05:00" testType="13cdc9d9-ddb5-4fa4-a97d-d965ccfc6d4b" outcome="Passed" testListId="8c84fa94-04c1-424b-9868-57a2d4851a1d" relativeResultsDirectory="b39b5365-3328-4a0b-a81d-8daac9034c14" />
    <UnitTestResult executionId="1ec821e1-892a-405c-8b9e-dca94021939e" testId="4187b1ee-ee2b-3217-506e-29a51b8be57a" testName="PartitionDescriptionTest" computerName="DAVID-G717" duration="00:00:00.0025143" startTime="2026-03-24T18:42:45.1119685-05:00" endTime="2026-03-24T18:42:45.1146109-05:00" testType="13cdc9d9-ddb5-4fa4-a97d-d965ccfc6d4b" outcome="Passed" testListId="8c84fa94-04c1-424b-9868-57a2d4851a1d" relativeResultsDirectory="1ec821e1-892a-405c-8b9e-dca94021939e" />
    <UnitTestResult executionId="70236827-34dd-4bf5-906c-472b1407b854" testId="518d52c7-a871-4b71-e832-f143d58a32ec" testName="CalculatedTableLineageTagTest" computerName="DAVID-G717" duration="00:00:00.0019600" startTime="2026-03-24T18:42:45.3776191-05:00" endTime="2026-03-24T18:42:45.3796679-05:00" testType="13cdc9d9-ddb5-4fa4-a97d-d965ccfc6d4b" outcome="Passed" testListId="8c84fa94-04c1-424b-9868-57a2d4851a1d" relativeResultsDirectory="70236827-34dd-4bf5-906c-472b1407b854" />
    <UnitTestResult executionId="d4333fad-2742-4967-a1a9-ed4c8640b193" testId="58b28c21-7853-5436-fe52-1f485dcd6f95" testName="Table_AddDataColumn_UndoRedoTest_1200" computerName="DAVID-G717" duration="00:00:00.0163092" startTime="2026-03-24T18:42:47.2977052-05:00" endTime="2026-03-24T18:42:47.3142381-05:00" testType="13cdc9d9-ddb5-4fa4-a97d-d965ccfc6d4b" outcome="Passed" testListId="8c84fa94-04c1-424b-9868-57a2d4851a1d" relativeResultsDirectory="d4333fad-2742-4967-a1a9-ed4c8640b193" />
    <UnitTestResult executionId="3380d910-b578-4d8d-8b65-cd2d6ef178c0" testId="68464769-96f4-1c55-21a2-056204562b8d" testName="AddReferenceTest_CL1200" computerName="DAVID-G717" duration="00:00:00.0037177" startTime="2026-03-24T18:42:45.5526670-05:00" endTime="2026-03-24T18:42:45.5564298-05:00" testType="13cdc9d9-ddb5-4fa4-a97d-d965ccfc6d4b" outcome="Passed" testListId="8c84fa94-04c1-424b-9868-57a2d4851a1d" relativeResultsDirectory="3380d910-b578-4d8d-8b65-cd2d6ef178c0" />
    <UnitTestResult executionId="80e5acdf-d3f8-485e-a150-ccba6967be15" testId="329539cc-a78d-88a5-2072-0cf581972674" testName="Table_AddPartition_UndoRedoTest_1200" computerName="DAVID-G717" duration="00:00:00.0113796" startTime="2026-03-24T18:42:47.0636983-05:00" endTime="2026-03-24T18:42:47.0752022-05:00" testType="13cdc9d9-ddb5-4fa4-a97d-d965ccfc6d4b" outcome="Passed" testListId="8c84fa94-04c1-424b-9868-57a2d4851a1d" relativeResultsDirectory="80e5acdf-d3f8-485e-a150-ccba6967be15" />
    <UnitTestResult executionId="85556114-de1a-4b0f-917b-75bd7456d270" testId="58b70ea7-4c08-3722-96a9-fba4e151d6b4" testName="CalculationItemDescriptionTest" computerName="DAVID-G717" duration="00:00:00.0019521" startTime="2026-03-24T18:42:45.4782177-05:00" endTime="2026-03-24T18:42:45.4802221-05:00" testType="13cdc9d9-ddb5-4fa4-a97d-d965ccfc6d4b" outcome="Passed" testListId="8c84fa94-04c1-424b-9868-57a2d4851a1d" relativeResultsDirectory="85556114-de1a-4b0f-917b-75bd7456d270" />
    <UnitTestResult executionId="991b89eb-f9ec-47fb-a286-7840269965f4" testId="c7f98ba8-c580-7dd3-c7ba-1dbb62678d77" testName="Model_AddTranslation_DeleteTest_1500" computerName="DAVID-G717" duration="00:00:00.0115297" startTime="2026-03-24T18:42:50.2784625-05:00" endTime="2026-03-24T18:42:50.2901191-05:00" testType="13cdc9d9-ddb5-4fa4-a97d-d965ccfc6d4b" outcome="Passed" testListId="8c84fa94-04c1-424b-9868-57a2d4851a1d" relativeResultsDirectory="991b89eb-f9ec-47fb-a286-7840269965f4" />
    <UnitTestResult executionId="6b00ec3c-8082-45d5-b56a-9f9c898da44f" testId="3f36f2be-073f-e50f-e3b2-18ca50e2287e" testName="ModelDataSourceDefaultMaxConnectionsTest" computerName="DAVID-G717" duration="00:00:00.0019306" startTime="2026-03-24T18:42:44.8621809-05:00" endTime="2026-03-24T18:42:44.8641746-05:00" testType="13cdc9d9-ddb5-4fa4-a97d-d965ccfc6d4b" outcome="Passed" testListId="8c84fa94-04c1-424b-9868-57a2d4851a1d" relativeResultsDirectory="6b00ec3c-8082-45d5-b56a-9f9c898da44f" />
    <UnitTestResult executionId="732eb249-15aa-4256-89b0-7441ebe96048" testId="c4cdca9b-8653-314a-cc6c-adb3e3c56d50" testName="CalculatedTableColumnIsKeyTest" computerName="DAVID-G717" duration="00:00:00.0014605" startTime="2026-03-24T18:42:45.4079085-05:00" endTime="2026-03-24T18:42:45.4094256-05:00" testType="13cdc9d9-ddb5-4fa4-a97d-d965ccfc6d4b" outcome="Passed" testListId="8c84fa94-04c1-424b-9868-57a2d4851a1d" relativeResultsDirectory="732eb249-15aa-4256-89b0-7441ebe96048" />
    <UnitTestResult executionId="189f26a1-73a1-4820-8b90-8400b50c327a" testId="546cae6c-b5be-cdf4-1be2-e957df26c741" testName="NamedExpressionExpressionTest" computerName="DAVID-G717" duration="00:00:00.0019928" startTime="2026-03-24T18:42:45.5083946-05:00" endTime="2026-03-24T18:42:45.5104388-05:00" testType="13cdc9d9-ddb5-4fa4-a97d-d965ccfc6d4b" outcome="Passed" testListId="8c84fa94-04c1-424b-9868-57a2d4851a1d" relativeResultsDirectory="189f26a1-73a1-4820-8b90-8400b50c327a" />
    <UnitTestResult executionId="0e73890e-dab5-450b-94b6-ed33d19c1a90" testId="da07ee4c-cbac-8ca5-b98b-cf9fac869c0e" testName="CalculatedColumnFormatStringTest" computerName="DAVID-G717" duration="00:00:00.0017909" startTime="2026-03-24T18:42:45.2272039-05:00" endTime="2026-03-24T18:42:45.2290453-05:00" testType="13cdc9d9-ddb5-4fa4-a97d-d965ccfc6d4b" outcome="Passed" testListId="8c84fa94-04c1-424b-9868-57a2d4851a1d" relativeResultsDirectory="0e73890e-dab5-450b-94b6-ed33d19c1a90" />
    <UnitTestResult executionId="290e3154-e45f-4704-913c-0fef857bfa11" testId="247ba62a-851a-5228-f1f9-4404f9901bc9" testName="MeasureLineageTagTest" computerName="DAVID-G717" duration="00:00:00.0019842" startTime="2026-03-24T18:42:45.2906611-05:00" endTime="2026-03-24T18:42:45.2926922-05:00" testType="13cdc9d9-ddb5-4fa4-a97d-d965ccfc6d4b" outcome="Passed" testListId="8c84fa94-04c1-424b-9868-57a2d4851a1d" relativeResultsDirectory="290e3154-e45f-4704-913c-0fef857bfa11" />
    <UnitTestResult executionId="6aa9be49-975a-4f37-9458-3edbeea96a31" testId="2253db93-03c1-f39f-e932-4867f598894e" testName="Model_AddTable_DeleteUndoTest_1200" computerName="DAVID-G717" duration="00:00:00.0144787" startTime="2026-03-24T18:42:46.4674232-05:00" endTime="2026-03-24T18:42:46.4820663-05:00" testType="13cdc9d9-ddb5-4fa4-a97d-d965ccfc6d4b" outcome="Passed" testListId="8c84fa94-04c1-424b-9868-57a2d4851a1d" relativeResultsDirectory="6aa9be49-975a-4f37-9458-3edbeea96a31" />
    <UnitTestResult executionId="6929a158-9ae0-47ac-80a1-a3e49b6053f1" testId="0d11a840-7cdc-b5ff-2446-a624d38f7b34" testName="Model_AddRole_DeleteTest_1500" computerName="DAVID-G717" duration="00:00:00.0126109" startTime="2026-03-24T18:42:50.3914806-05:00" endTime="2026-03-24T18:42:50.4042161-05:00" testType="13cdc9d9-ddb5-4fa4-a97d-d965ccfc6d4b" outcome="Passed" testListId="8c84fa94-04c1-424b-9868-57a2d4851a1d" relativeResultsDirectory="6929a158-9ae0-47ac-80a1-a3e49b6053f1" />
    <UnitTestResult executionId="61732e94-69c1-4f7d-bcd7-777b40188705" testId="eb031daa-1f23-7211-bc80-1d84fd3eda7f" testName="Model_AddRole_UndoTest_1400" computerName="DAVID-G717" duration="00:00:00.0198895" startTime="2026-03-24T18:42:48.4670458-05:00" endTime="2026-03-24T18:42:48.4870874-05:00" testType="13cdc9d9-ddb5-4fa4-a97d-d965ccfc6d4b" outcome="Passed" testListId="8c84fa94-04c1-424b-9868-57a2d4851a1d" relativeResultsDirectory="61732e94-69c1-4f7d-bcd7-777b40188705" />
    <UnitTestResult executionId="85afcf08-1a25-4a0b-ac99-f6f0a1b8a766" testId="ecfacc77-1f92-1791-af2c-ae57a53cc524" testName="Table_AddMeasure_DeleteTest_1500" computerName="DAVID-G717" duration="00:00:00.0135393" startTime="2026-03-24T18:42:50.7208813-05:00" endTime="2026-03-24T18:42:50.7345259-05:00" testType="13cdc9d9-ddb5-4fa4-a97d-d965ccfc6d4b" outcome="Passed" testListId="8c84fa94-04c1-424b-9868-57a2d4851a1d" relativeResultsDirectory="85afcf08-1a25-4a0b-ac99-f6f0a1b8a766" />
    <UnitTestResult executionId="ac7afa58-7825-4acf-b578-19a22f16cf6b" testId="d234c99e-1005-e094-18cc-b92785dd14da" testName="Model_AddTable_UndoTest_1200" computerName="DAVID-G717" duration="00:00:00.0122286" startTime="2026-03-24T18:42:46.4121591-05:00" endTime="2026-03-24T18:42:46.4245296-05:00" testType="13cdc9d9-ddb5-4fa4-a97d-d965ccfc6d4b" outcome="Passed" testListId="8c84fa94-04c1-424b-9868-57a2d4851a1d" relativeResultsDirectory="ac7afa58-7825-4acf-b578-19a22f16cf6b" />
    <UnitTestResult executionId="8a7c50c1-d799-4f98-a60f-632caa2401d6" testId="8b44b5f9-596b-8c9f-8607-7713e49a682a" testName="RenameTableTestFails" computerName="DAVID-G717" duration="00:00:00.0085090" startTime="2026-03-24T18:42:55.7050365-05:00" endTime="2026-03-24T18:42:55.7136055-05:00" testType="13cdc9d9-ddb5-4fa4-a97d-d965ccfc6d4b" outcome="Passed" testListId="8c84fa94-04c1-424b-9868-57a2d4851a1d" relativeResultsDirectory="8a7c50c1-d799-4f98-a60f-632caa2401d6" />
    <UnitTestResult executionId="d0b03d49-02a9-49fb-af16-e41b97fff1c8" testId="a4d10a43-9dfc-9cc0-55b8-1f649461dd8b" testName="Model_AddDataSource_DeleteTest_1400" computerName="DAVID-G717" duration="00:00:00.0439470" startTime="2026-03-24T18:42:48.6614127-05:00" endTime="2026-03-24T18:42:48.7057855-05:00" testType="13cdc9d9-ddb5-4fa4-a97d-d965ccfc6d4b" outcome="Passed" testListId="8c84fa94-04c1-424b-9868-57a2d4851a1d" relativeResultsDirectory="d0b03d49-02a9-49fb-af16-e41b97fff1c8" />
    <UnitTestResult executionId="275943aa-d86f-4ddc-be5b-f338bc08bbbb" testId="1ea27af2-4f00-0709-4f74-b44be22ff022" testName="Model_AddRelationship_DeleteTest_1400" computerName="DAVID-G717" duration="00:00:00.0258845" startTime="2026-03-24T18:42:48.2270616-05:00" endTime="2026-03-24T18:42:48.2531817-05:00" testType="13cdc9d9-ddb5-4fa4-a97d-d965ccfc6d4b" outcome="Passed" testListId="8c84fa94-04c1-424b-9868-57a2d4851a1d" relativeResultsDirectory="275943aa-d86f-4ddc-be5b-f338bc08bbbb" />
    <UnitTestResult executionId="04cc5dc9-9ba1-4e54-b75c-7c234fc06990" testId="06ba7361-d715-7000-afb9-a3193d7aeed1" testName="ModelDefaultPowerBIDataSourceVersionTest" computerName="DAVID-G717" duration="00:00:00.0031777" startTime="2026-03-24T18:42:44.8560075-05:00" endTime="2026-03-24T18:42:44.8592587-05:00" testType="13cdc9d9-ddb5-4fa4-a97d-d965ccfc6d4b" outcome="Passed" testListId="8c84fa94-04c1-424b-9868-57a2d4851a1d" relativeResultsDirectory="04cc5dc9-9ba1-4e54-b75c-7c234fc06990" />
    <UnitTestResult executionId="7108a247-d46a-41fd-b324-0a7af1d65b19" testId="349a6e17-2291-02dc-0079-29cc78b0e4d7" testName="PartitionNameTest" computerName="DAVID-G717" duration="00:00:00.0018921" startTime="2026-03-24T18:42:45.1212024-05:00" endTime="2026-03-24T18:42:45.1231377-05:00" testType="13cdc9d9-ddb5-4fa4-a97d-d965ccfc6d4b" outcome="Passed" testListId="8c84fa94-04c1-424b-9868-57a2d4851a1d" relativeResultsDirectory="7108a247-d46a-41fd-b324-0a7af1d65b19" />
    <UnitTestResult executionId="1ad90c04-7080-43ec-a8b3-b531734e7e7d" testId="d64b0165-c1bd-7710-6281-6d2438edd4a4" testName="DataColumnTableDetailPositionTest" computerName="DAVID-G717" duration="00:00:00.0019980" startTime="2026-03-24T18:42:45.1596673-05:00" endTime="2026-03-24T18:42:45.1617176-05:00" testType="13cdc9d9-ddb5-4fa4-a97d-d965ccfc6d4b" outcome="Passed" testListId="8c84fa94-04c1-424b-9868-57a2d4851a1d" relativeResultsDirectory="1ad90c04-7080-43ec-a8b3-b531734e7e7d" />
    <UnitTestResult executionId="87ae063f-ebed-4782-ba12-a31e1de81a0e" testId="1594e80e-d600-8a63-073f-ab44dc0aa7f9" testName="Table_AddDataColumn_DeleteUndoTest_1400" computerName="DAVID-G717" duration="00:00:00.0127184" startTime="2026-03-24T18:42:49.4322250-05:00" endTime="2026-03-24T18:42:49.4451123-05:00" testType="13cdc9d9-ddb5-4fa4-a97d-d965ccfc6d4b" outcome="Passed" testListId="8c84fa94-04c1-424b-9868-57a2d4851a1d" relativeResultsDirectory="87ae063f-ebed-4782-ba12-a31e1de81a0e" />
    <UnitTestResult executionId="77e3a6b5-a37a-4ad4-94a0-7d6cf1690e57" testId="9045b43d-b9df-5f0d-39e0-67fb52766796" testName="Model_AddStructuredDataSource_RenameTest_1500" computerName="DAVID-G717" duration="00:00:00.0128176" startTime="2026-03-24T18:42:50.6723749-05:00" endTime="2026-03-24T18:42:50.6853289-05:00" testType="13cdc9d9-ddb5-4fa4-a97d-d965ccfc6d4b" outcome="Passed" testListId="8c84fa94-04c1-424b-9868-57a2d4851a1d" relativeResultsDirectory="77e3a6b5-a37a-4ad4-94a0-7d6cf1690e57" />
    <UnitTestResult executionId="91b240b0-220b-4073-8ba7-abe6fcfda688" testId="93237678-de69-c82a-83bf-340b9a5bd746" testName="Model_AddRole_DeleteUndoRedoTest_1500" computerName="DAVID-G717" duration="00:00:00.0143328" startTime="2026-03-24T18:42:50.4246686-05:00" endTime="2026-03-24T18:42:50.4391292-05:00" testType="13cdc9d9-ddb5-4fa4-a97d-d965ccfc6d4b" outcome="Passed" testListId="8c84fa94-04c1-424b-9868-57a2d4851a1d" relativeResultsDirectory="91b240b0-220b-4073-8ba7-abe6fcfda688" />
    <UnitTestResult executionId="71035be4-fa39-4f20-99e2-9797422e1712" testId="c725ad09-220e-fdde-eb17-300467627c56" testName="CalculationGroupTableSystemManagedTest" computerName="DAVID-G717" duration="00:00:00.0024254" startTime="2026-03-24T18:42:45.4610976-05:00" endTime="2026-03-24T18:42:45.4635766-05:00" testType="13cdc9d9-ddb5-4fa4-a97d-d965ccfc6d4b" outcome="Passed" testListId="8c84fa94-04c1-424b-9868-57a2d4851a1d" relativeResultsDirectory="71035be4-fa39-4f20-99e2-9797422e1712" />
    <UnitTestResult executionId="ff082419-6a9a-4079-8cea-605cc9c932ba" testId="86f8e522-102a-166d-62e0-e17210b79d39" testName="Model_AddExpression_DeleteTest_1400" computerName="DAVID-G717" duration="00:00:00.0171085" startTime="2026-03-24T18:42:47.7118823-05:00" endTime="2026-03-24T18:42:47.7292209-05:00" testType="13cdc9d9-ddb5-4fa4-a97d-d965ccfc6d4b" outcome="Passed" testListId="8c84fa94-04c1-424b-9868-57a2d4851a1d" relativeResultsDirectory="ff082419-6a9a-4079-8cea-605cc9c932ba" />
    <UnitTestResult executionId="5b1b2838-432f-42e2-af32-beccc5281d26" testId="538815d6-2a4e-4bc1-a14f-6e0f8f16c514" testName="Table_AddHierarchy_DeleteUndoRedoTest_1400" computerName="DAVID-G717" duration="00:00:00.0152171" startTime="2026-03-24T18:42:49.5594624-05:00" endTime="2026-03-24T18:42:49.5750055-05:00" testType="13cdc9d9-ddb5-4fa4-a97d-d965ccfc6d4b" outcome="Passed" testListId="8c84fa94-04c1-424b-9868-57a2d4851a1d" relativeResultsDirectory="5b1b2838-432f-42e2-af32-beccc5281d26" />
    <UnitTestResult executionId="68af9e37-5470-4977-8980-e17b708ef140" testId="bb72cb89-0488-1d25-3d94-054c1d4958c4" testName="CalculationGroupTableDescriptionTest" computerName="DAVID-G717" duration="00:00:00.0016487" startTime="2026-03-24T18:42:45.4481144-05:00" endTime="2026-03-24T18:42:45.4498210-05:00" testType="13cdc9d9-ddb5-4fa4-a97d-d965ccfc6d4b" outcome="Passed" testListId="8c84fa94-04c1-424b-9868-57a2d4851a1d" relativeResultsDirectory="68af9e37-5470-4977-8980-e17b708ef140" />
    <UnitTestResult executionId="1397b669-7b69-49e3-ba9e-d4d01420e3bf" testId="447a4a2e-1300-a141-7369-8110437b45cf" testName="MPartitionExpressionTest" computerName="DAVID-G717" duration="00:00:00.0015751" startTime="2026-03-24T18:42:45.1323103-05:00" endTime="2026-03-24T18:42:45.1339369-05:00" testType="13cdc9d9-ddb5-4fa4-a97d-d965ccfc6d4b" outcome="Passed" testListId="8c84fa94-04c1-424b-9868-57a2d4851a1d" relativeResultsDirectory="1397b669-7b69-49e3-ba9e-d4d01420e3bf" />
    <UnitTestResult executionId="7b819b64-1356-46f4-81d7-ce8063380394" testId="c161f524-7b79-7012-d78e-53d6608b7710" testName="Model_AddTranslation_UndoRedoTest_1400" computerName="DAVID-G717" duration="00:00:00.0142208" startTime="2026-03-24T18:42:48.3519226-05:00" endTime="2026-03-24T18:42:48.3664424-05:00" testType="13cdc9d9-ddb5-4fa4-a97d-d965ccfc6d4b" outcome="Passed" testListId="8c84fa94-04c1-424b-9868-57a2d4851a1d" relativeResultsDirectory="7b819b64-1356-46f4-81d7-ce8063380394" />
    <UnitTestResult executionId="cf427cf0-9157-46a7-8d27-7e597a2d58ec" testId="a2e58933-a1f1-46ab-3b61-31b5fe38080b" testName="Table_AddCalculatedColumn_DeleteUndoRedoTest_1200" computerName="DAVID-G717" duration="00:00:00.0133250" startTime="2026-03-24T18:42:47.2228197-05:00" endTime="2026-03-24T18:42:47.2363162-05:00" testType="13cdc9d9-ddb5-4fa4-a97d-d965ccfc6d4b" outcome="Passed" testListId="8c84fa94-04c1-424b-9868-57a2d4851a1d" relativeResultsDirectory="cf427cf0-9157-46a7-8d27-7e597a2d58ec" />
    <UnitTestResult executionId="50cb3356-5e30-4aaf-adaf-6ee3359f28d6" testId="28c368d9-ce1b-003a-16af-841cfa8e2202" testName="NamedExpressionRemoteParameterNameTest" computerName="DAVID-G717" duration="00:00:00.0024295" startTime="2026-03-24T18:42:45.5169916-05:00" endTime="2026-03-24T18:42:45.5194694-05:00" testType="13cdc9d9-ddb5-4fa4-a97d-d965ccfc6d4b" outcome="Passed" testListId="8c84fa94-04c1-424b-9868-57a2d4851a1d" relativeResultsDirectory="50cb3356-5e30-4aaf-adaf-6ee3359f28d6" />
    <UnitTestResult executionId="32612b83-ea4a-4063-ba93-3d4c8ec13174" testId="c6d59720-6190-23d5-ba1f-01da233af7e4" testName="CalculatedTableSystemManagedTest" computerName="DAVID-G717" duration="00:00:00.0018303" startTime="2026-03-24T18:42:45.3816338-05:00" endTime="2026-03-24T18:42:45.3835504-05:00" testType="13cdc9d9-ddb5-4fa4-a97d-d965ccfc6d4b" outcome="Passed" testListId="8c84fa94-04c1-424b-9868-57a2d4851a1d" relativeResultsDirectory="32612b83-ea4a-4063-ba93-3d4c8ec13174" />
    <UnitTestResult executionId="5e6f3350-8ff7-4422-aee2-e607c3eda3e1" testId="b31351dc-ae51-fa0c-87b1-ac337f2614fc" testName="Table_AddMPartition_DeleteTest_1500" computerName="DAVID-G717" duration="00:00:00.0126704" startTime="2026-03-24T18:42:50.9169230-05:00" endTime="2026-03-24T18:42:50.9297230-05:00" testType="13cdc9d9-ddb5-4fa4-a97d-d965ccfc6d4b" outcome="Passed" testListId="8c84fa94-04c1-424b-9868-57a2d4851a1d" relativeResultsDirectory="5e6f3350-8ff7-4422-aee2-e607c3eda3e1" />
    <UnitTestResult executionId="48f6eb68-84ad-4866-8e18-f6ef21b26cbc" testId="7942ff8e-cafc-3e9d-2b95-5498d7f69e7c" testName="CalculatedColumnSourceProviderTypeTest" computerName="DAVID-G717" duration="00:00:00.0013630" startTime="2026-03-24T18:42:45.2338277-05:00" endTime="2026-03-24T18:42:45.2352341-05:00" testType="13cdc9d9-ddb5-4fa4-a97d-d965ccfc6d4b" outcome="Passed" testListId="8c84fa94-04c1-424b-9868-57a2d4851a1d" relativeResultsDirectory="48f6eb68-84ad-4866-8e18-f6ef21b26cbc" />
    <UnitTestResult executionId="c4a64c25-b168-456e-a845-f8637698963a" testId="481a79e3-87ee-e5b4-535d-37a084375a2e" testName="CalculatedTableColumnDisplayFolderTest" computerName="DAVID-G717" duration="00:00:00.0024633" startTime="2026-03-24T18:42:45.4312983-05:00" endTime="2026-03-24T18:42:45.4338056-05:00" testType="13cdc9d9-ddb5-4fa4-a97d-d965ccfc6d4b" outcome="Passed" testListId="8c84fa94-04c1-424b-9868-57a2d4851a1d" relativeResultsDirectory="c4a64c25-b168-456e-a845-f8637698963a" />
    <UnitTestResult executionId="e9fac3f6-bed5-456c-86a1-4491d312acec" testId="d17b65ce-073d-ea3c-b15b-f8cfc0d82386" testName="DeserializeAllTest" computerName="DAVID-G717" duration="00:00:00.0232213" startTime="2026-03-24T18:42:55.7136359-05:00" endTime="2026-03-24T18:42:55.7369834-05:00" testType="13cdc9d9-ddb5-4fa4-a97d-d965ccfc6d4b" outcome="Passed" testListId="8c84fa94-04c1-424b-9868-57a2d4851a1d" relativeResultsDirectory="e9fac3f6-bed5-456c-86a1-4491d312acec" />
    <UnitTestResult executionId="aa1b56d4-6889-4b9b-b5bc-225d451ac61c" testId="9798f5c7-3b1a-495a-65fc-6b8651fa5e73" testName="StructuredDataSourceQueryTest" computerName="DAVID-G717" duration="00:00:00.0031044" startTime="2026-03-24T18:42:44.9737045-05:00" endTime="2026-03-24T18:42:44.9768631-05:00" testType="13cdc9d9-ddb5-4fa4-a97d-d965ccfc6d4b" outcome="Passed" testListId="8c84fa94-04c1-424b-9868-57a2d4851a1d" relativeResultsDirectory="aa1b56d4-6889-4b9b-b5bc-225d451ac61c" />
    <UnitTestResult executionId="c0f2ae3d-eb12-4edd-bc8a-3ba4d9d45d4f" testId="f8078c42-c68c-ceec-091a-4a168a8092a3" testName="Model_AddTable_DeleteTest_1400" computerName="DAVID-G717" duration="00:00:00.0199996" startTime="2026-03-24T18:42:48.0606880-05:00" endTime="2026-03-24T18:42:48.0808742-05:00" testType="13cdc9d9-ddb5-4fa4-a97d-d965ccfc6d4b" outcome="Passed" testListId="8c84fa94-04c1-424b-9868-57a2d4851a1d" relativeResultsDirectory="c0f2ae3d-eb12-4edd-bc8a-3ba4d9d45d4f" />
    <UnitTestResult executionId="e2012fcd-b44d-4635-8f0c-be9aff6c49d6" testId="bbf2f79c-a2b4-adee-58e4-3bb1e4d391e9" testName="DeleteColumnRoleDependencyTest" computerName="DAVID-G717" duration="00:00:00.0010359" startTime="2026-03-24T18:42:55.8216579-05:00" endTime="2026-03-24T18:42:55.8227178-05:00" testType="13cdc9d9-ddb5-4fa4-a97d-d965ccfc6d4b" outcome="Passed" testListId="8c84fa94-04c1-424b-9868-57a2d4851a1d" relativeResultsDirectory="e2012fcd-b44d-4635-8f0c-be9aff6c49d6" />
    <UnitTestResult executionId="001e36b2-fc63-48bc-8b33-6822ed70473a" testId="8ffb8ce6-10e3-32af-55b1-421ce9d3269c" testName="DeleteHierarchyAndLevelTest" computerName="DAVID-G717" duration="00:00:00.0661548" startTime="2026-03-24T18:42:45.9365958-05:00" endTime="2026-03-24T18:42:46.0028830-05:00" testType="13cdc9d9-ddb5-4fa4-a97d-d965ccfc6d4b" outcome="Failed" testListId="8c84fa94-04c1-424b-9868-57a2d4851a1d" relativeResultsDirectory="001e36b2-fc63-48bc-8b33-6822ed70473a">
      <Output>
        <ErrorInfo>
          <Message>Initialization method TabularEditor.TOMWrapper.Tests.TabularModelHandlerTests.SetupTomwrapperTest threw exception. Assert.Fail failed. Test Server not specified. Please set environment variable TE_TestServer with the connection string of the AS engine server to use for testing.</Message>
          <StackTrace>   at TOMWrapperTest.Constants.GetServerName() in C:\Users\david\source\repos\TabularEditor\TOMWrapperTest\Constants.cs:line 18&#xD;
   at TOMWrapperTest.Constants..cctor() in C:\Users\david\source\repos\TabularEditor\TOMWrapperTest\Constants.cs:line 12&#xD;
</StackTrace>
        </ErrorInfo>
      </Output>
    </UnitTestResult>
    <UnitTestResult executionId="196f3f75-d2df-42d1-9eb1-d994bb188f2b" testId="db234fee-4334-ee6d-c797-17e59c9cf419" testName="Table_AddPartition_RenameTest_1400" computerName="DAVID-G717" duration="00:00:00.0157321" startTime="2026-03-24T18:42:49.1552246-05:00" endTime="2026-03-24T18:42:49.1712991-05:00" testType="13cdc9d9-ddb5-4fa4-a97d-d965ccfc6d4b" outcome="Passed" testListId="8c84fa94-04c1-424b-9868-57a2d4851a1d" relativeResultsDirectory="196f3f75-d2df-42d1-9eb1-d994bb188f2b" />
    <UnitTestResult executionId="743cb066-dfc4-416a-a9ea-ae6f2f45fc51" testId="81b0d6aa-6a28-a407-7b49-09c1a48b8319" testName="Model_AddCalculatedTable_DeleteUndoRedoTest_1400" computerName="DAVID-G717" duration="00:00:00.0247840" startTime="2026-03-24T18:42:47.9233282-05:00" endTime="2026-03-24T18:42:47.9483466-05:00" testType="13cdc9d9-ddb5-4fa4-a97d-d965ccfc6d4b" outcome="Passed" testListId="8c84fa94-04c1-424b-9868-57a2d4851a1d" relativeResultsDirectory="743cb066-dfc4-416a-a9ea-ae6f2f45fc51" />
    <UnitTestResult executionId="8ebd6ab3-2542-4f62-85e6-1fdc6b3229cf" testId="60270c86-4345-7313-e3bf-0bf2bd8354d9" testName="CalculatedColumnIsKeyTest" computerName="DAVID-G717" duration="00:00:00.0017111" startTime="2026-03-24T18:42:45.2128422-05:00" endTime="2026-03-24T18:42:45.2145993-05:00" testType="13cdc9d9-ddb5-4fa4-a97d-d965ccfc6d4b" outcome="Passed" testListId="8c84fa94-04c1-424b-9868-57a2d4851a1d" relativeResultsDirectory="8ebd6ab3-2542-4f62-85e6-1fdc6b3229cf" />
    <UnitTestResult executionId="893d0248-2c94-4fa5-876a-0b1025b2351f" testId="008b3cf3-b8d9-e338-7902-8fbd27a25be2" testName="Model_AddRelationship_DeleteUndoRedoTest_1200" computerName="DAVID-G717" duration="00:00:00.0119467" startTime="2026-03-24T18:42:46.5885901-05:00" endTime="2026-03-24T18:42:46.6006740-05:00" testType="13cdc9d9-ddb5-4fa4-a97d-d965ccfc6d4b" outcome="Passed" testListId="8c84fa94-04c1-424b-9868-57a2d4851a1d" relativeResultsDirectory="893d0248-2c94-4fa5-876a-0b1025b2351f" />
    <UnitTestResult executionId="f75dfa0c-6e58-4ed9-a0f6-967100a48076" testId="98634169-f02e-8186-ef15-960c5b3af060" testName="Model_AddTable_DeleteUndoTest_1500" computerName="DAVID-G717" duration="00:00:00.0111835" startTime="2026-03-24T18:42:50.0800946-05:00" endTime="2026-03-24T18:42:50.0914092-05:00" testType="13cdc9d9-ddb5-4fa4-a97d-d965ccfc6d4b" outcome="Passed" testListId="8c84fa94-04c1-424b-9868-57a2d4851a1d" relativeResultsDirectory="f75dfa0c-6e58-4ed9-a0f6-967100a48076" />
    <UnitTestResult executionId="7ea8f36e-e69d-41c9-8b19-5f404c9a6d46" testId="f6ccbfa9-1e07-367d-466d-512d1673a7e7" testName="ProviderDataSourceProviderTest" computerName="DAVID-G717" duration="00:00:00.0022728" startTime="2026-03-24T18:42:44.9357237-05:00" endTime="2026-03-24T18:42:44.9380671-05:00" testType="13cdc9d9-ddb5-4fa4-a97d-d965ccfc6d4b" outcome="Passed" testListId="8c84fa94-04c1-424b-9868-57a2d4851a1d" relativeResultsDirectory="7ea8f36e-e69d-41c9-8b19-5f404c9a6d46" />
    <UnitTestResult executionId="6a5f5dbb-554a-42d4-926b-739a337a6ca4" testId="7b98d628-a046-0754-17e5-e7d6f4de9499" testName="Model_AddStructuredDataSource_UndoRedoTest_1500" computerName="DAVID-G717" duration="00:00:00.0189319" startTime="2026-03-24T18:42:50.5965146-05:00" endTime="2026-03-24T18:42:50.6155914-05:00" testType="13cdc9d9-ddb5-4fa4-a97d-d965ccfc6d4b" outcome="Passed" testListId="8c84fa94-04c1-424b-9868-57a2d4851a1d" relativeResultsDirectory="6a5f5dbb-554a-42d4-926b-739a337a6ca4" />
    <UnitTestResult executionId="af27ac3f-21ac-4ea4-b568-e6d93a255169" testId="f46d07c6-a735-8b2a-af34-3dbea7064243" testName="Table_AddMPartition_UndoTest_1500" computerName="DAVID-G717" duration="00:00:00.0118321" startTime="2026-03-24T18:42:50.8940053-05:00" endTime="2026-03-24T18:42:50.9059814-05:00" testType="13cdc9d9-ddb5-4fa4-a97d-d965ccfc6d4b" outcome="Passed" testListId="8c84fa94-04c1-424b-9868-57a2d4851a1d" relativeResultsDirectory="af27ac3f-21ac-4ea4-b568-e6d93a255169" />
    <UnitTestResult executionId="7840777f-2957-4545-bdda-69b4ecf57a56" testId="125f943d-999e-8fa1-1d38-fc82f4d46186" testName="FixUpFullyQualifiedColumnTest" computerName="DAVID-G717" duration="00:00:00.0044277" startTime="2026-03-24T18:42:45.5285860-05:00" endTime="2026-03-24T18:42:45.5330719-05:00" testType="13cdc9d9-ddb5-4fa4-a97d-d965ccfc6d4b" outcome="Passed" testListId="8c84fa94-04c1-424b-9868-57a2d4851a1d" relativeResultsDirectory="7840777f-2957-4545-bdda-69b4ecf57a56" />
    <UnitTestResult executionId="77f42d18-43e1-4403-8e5f-0e45fdc9906d" testId="bd8bb807-15a1-e624-8285-c128ac48356f" testName="Model_AddTranslation_DeleteUndoUndoTest_1400" computerName="DAVID-G717" duration="00:00:00.0149092" startTime="2026-03-24T18:42:48.4115590-05:00" endTime="2026-03-24T18:42:48.4274013-05:00" testType="13cdc9d9-ddb5-4fa4-a97d-d965ccfc6d4b" outcome="Passed" testListId="8c84fa94-04c1-424b-9868-57a2d4851a1d" relativeResultsDirectory="77f42d18-43e1-4403-8e5f-0e45fdc9906d" />
    <UnitTestResult executionId="6859075e-d326-4ce0-b3b3-65e999c96a47" testId="138e4bb8-d0ee-d92f-cdf0-e413e97cf195" testName="TableSourceExpressionTest" computerName="DAVID-G717" duration="00:00:00.0016284" startTime="2026-03-24T18:42:45.1053319-05:00" endTime="2026-03-24T18:42:45.1070139-05:00" testType="13cdc9d9-ddb5-4fa4-a97d-d965ccfc6d4b" outcome="Passed" testListId="8c84fa94-04c1-424b-9868-57a2d4851a1d" relativeResultsDirectory="6859075e-d326-4ce0-b3b3-65e999c96a47" />
    <UnitTestResult executionId="0bfea833-3e79-461f-bfb1-baaf15d127ab" testId="eea022d0-619c-d63d-f903-e5566440535f" testName="TableIncrementalPeriodsOffsetTest" computerName="DAVID-G717" duration="00:00:00.0028530" startTime="2026-03-24T18:42:45.1000828-05:00" endTime="2026-03-24T18:42:45.1030013-05:00" testType="13cdc9d9-ddb5-4fa4-a97d-d965ccfc6d4b" outcome="Passed" testListId="8c84fa94-04c1-424b-9868-57a2d4851a1d" relativeResultsDirectory="0bfea833-3e79-461f-bfb1-baaf15d127ab" />
    <UnitTestResult executionId="5f272731-9952-4ac2-bcfc-c141d0dd8b47" testId="1d826a07-3953-6218-8b27-d80b04030013" testName="Table_AddMeasure_DeleteTest_1200" computerName="DAVID-G717" duration="00:00:00.0118842" startTime="2026-03-24T18:42:46.9763438-05:00" endTime="2026-03-24T18:42:46.9883826-05:00" testType="13cdc9d9-ddb5-4fa4-a97d-d965ccfc6d4b" outcome="Passed" testListId="8c84fa94-04c1-424b-9868-57a2d4851a1d" relativeResultsDirectory="5f272731-9952-4ac2-bcfc-c141d0dd8b47" />
    <UnitTestResult executionId="ef8b8e41-f30d-487f-ba11-bf71bec6183e" testId="ac13e9e4-1ed0-0758-d8e4-e2cb043864f0" testName="TableSystemManagedTest" computerName="DAVID-G717" duration="00:00:00.0021422" startTime="2026-03-24T18:42:45.0802034-05:00" endTime="2026-03-24T18:42:45.0824139-05:00" testType="13cdc9d9-ddb5-4fa4-a97d-d965ccfc6d4b" outcome="Passed" testListId="8c84fa94-04c1-424b-9868-57a2d4851a1d" relativeResultsDirectory="ef8b8e41-f30d-487f-ba11-bf71bec6183e" />
    <UnitTestResult executionId="0413ceb3-15c7-409a-bd07-2400d4d669d3" testId="52c84ddb-1dbe-d155-6b25-20690c318a91" testName="SingleColumnRelationshipToCardinalityTest" computerName="DAVID-G717" duration="00:00:00.0018140" startTime="2026-03-24T18:42:45.4883905-05:00" endTime="2026-03-24T18:42:45.4902514-05:00" testType="13cdc9d9-ddb5-4fa4-a97d-d965ccfc6d4b" outcome="Passed" testListId="8c84fa94-04c1-424b-9868-57a2d4851a1d" relativeResultsDirectory="0413ceb3-15c7-409a-bd07-2400d4d669d3" />
    <UnitTestResult executionId="29b7d881-ce66-4ac1-a7d5-25b23c5c92e3" testId="8925240e-7253-5b6f-af2b-7ddf785d778b" testName="Table_AddDataColumn_RenameTest_1200" computerName="DAVID-G717" duration="00:00:00.0137179" startTime="2026-03-24T18:42:47.3749524-05:00" endTime="2026-03-24T18:42:47.3888397-05:00" testType="13cdc9d9-ddb5-4fa4-a97d-d965ccfc6d4b" outcome="Passed" testListId="8c84fa94-04c1-424b-9868-57a2d4851a1d" relativeResultsDirectory="29b7d881-ce66-4ac1-a7d5-25b23c5c92e3" />
    <UnitTestResult executionId="3aacd62f-6d93-4e76-a1f0-44529d21eddc" testId="8a8aecc5-b503-5f04-dcef-0561800380e4" testName="Model_AddPerspective_DeleteUndoRedoTest_1400" computerName="DAVID-G717" duration="00:00:00.0321246" startTime="2026-03-24T18:42:47.5932519-05:00" endTime="2026-03-24T18:42:47.6256061-05:00" testType="13cdc9d9-ddb5-4fa4-a97d-d965ccfc6d4b" outcome="Passed" testListId="8c84fa94-04c1-424b-9868-57a2d4851a1d" relativeResultsDirectory="3aacd62f-6d93-4e76-a1f0-44529d21eddc" />
    <UnitTestResult executionId="24172f0d-dd5e-4a97-afb0-4b3172857574" testId="83f65570-82f3-3253-11e8-c55125231301" testName="Model_AddTranslation_DeleteUndoRedoTest_1500" computerName="DAVID-G717" duration="00:00:00.0146781" startTime="2026-03-24T18:42:50.3025347-05:00" endTime="2026-03-24T18:42:50.3173213-05:00" testType="13cdc9d9-ddb5-4fa4-a97d-d965ccfc6d4b" outcome="Passed" testListId="8c84fa94-04c1-424b-9868-57a2d4851a1d" relativeResultsDirectory="24172f0d-dd5e-4a97-afb0-4b3172857574" />
    <UnitTestResult executionId="053e1cd4-a232-45e5-87cf-a95ad8f74e69" testId="131fa47d-bdc6-9d5d-b3d6-e2db4de79ddd" testName="Model_AddCalculatedTable_DeleteUndoRedoTest_1500" computerName="DAVID-G717" duration="00:00:00.0232555" startTime="2026-03-24T18:42:49.8842387-05:00" endTime="2026-03-24T18:42:49.9076731-05:00" testType="13cdc9d9-ddb5-4fa4-a97d-d965ccfc6d4b" outcome="Passed" testListId="8c84fa94-04c1-424b-9868-57a2d4851a1d" relativeResultsDirectory="053e1cd4-a232-45e5-87cf-a95ad8f74e69" />
    <UnitTestResult executionId="6009dbb8-9f57-4800-9917-b3d10a8b4335" testId="2015debf-1cb1-6bec-6cd2-18c6127181ea" testName="LevelNameTest" computerName="DAVID-G717" duration="00:00:00.0021716" startTime="2026-03-24T18:42:45.2722849-05:00" endTime="2026-03-24T18:42:45.2745130-05:00" testType="13cdc9d9-ddb5-4fa4-a97d-d965ccfc6d4b" outcome="Passed" testListId="8c84fa94-04c1-424b-9868-57a2d4851a1d" relativeResultsDirectory="6009dbb8-9f57-4800-9917-b3d10a8b4335" />
    <UnitTestResult executionId="41a9c1b4-9193-489c-8541-8e9e8e84071b" testId="067f97f9-0cfe-6e1e-e3a9-9d0157b47230" testName="Model_AddStructuredDataSource_DeleteTest_1500" computerName="DAVID-G717" duration="00:00:00.0145512" startTime="2026-03-24T18:42:50.6156474-05:00" endTime="2026-03-24T18:42:50.6303373-05:00" testType="13cdc9d9-ddb5-4fa4-a97d-d965ccfc6d4b" outcome="Passed" testListId="8c84fa94-04c1-424b-9868-57a2d4851a1d" relativeResultsDirectory="41a9c1b4-9193-489c-8541-8e9e8e84071b" />
    <UnitTestResult executionId="1f7f91c6-26a9-44fb-8d64-830847bb70f9" testId="fd4ba241-e33b-0629-8823-d6ff88ada46b" testName="Model_AddStructuredDataSource_UndoRedoTest_1400" computerName="DAVID-G717" duration="00:00:00.0177550" startTime="2026-03-24T18:42:48.8360489-05:00" endTime="2026-03-24T18:42:48.8540204-05:00" testType="13cdc9d9-ddb5-4fa4-a97d-d965ccfc6d4b" outcome="Passed" testListId="8c84fa94-04c1-424b-9868-57a2d4851a1d" relativeResultsDirectory="1f7f91c6-26a9-44fb-8d64-830847bb70f9" />
    <UnitTestResult executionId="8df9ca24-cb85-4f78-a104-0ea645eaff23" testId="7ae0e9dc-85d9-2461-8589-6d1ea044e9da" testName="Model_AddTable_DeleteUndoRedoTest_1500" computerName="DAVID-G717" duration="00:00:00.0128829" startTime="2026-03-24T18:42:50.0914588-05:00" endTime="2026-03-24T18:42:50.1045835-05:00" testType="13cdc9d9-ddb5-4fa4-a97d-d965ccfc6d4b" outcome="Passed" testListId="8c84fa94-04c1-424b-9868-57a2d4851a1d" relativeResultsDirectory="8df9ca24-cb85-4f78-a104-0ea645eaff23" />
    <UnitTestResult executionId="85c7c680-1276-4e74-bf61-15b99f6a0290" testId="89c12367-8f37-f5aa-145e-92526fade77d" testName="Table_AddPartition_DeleteUndoRedoTest_1200" computerName="DAVID-G717" duration="00:00:00.0138311" startTime="2026-03-24T18:42:47.1007870-05:00" endTime="2026-03-24T18:42:47.1147819-05:00" testType="13cdc9d9-ddb5-4fa4-a97d-d965ccfc6d4b" outcome="Passed" testListId="8c84fa94-04c1-424b-9868-57a2d4851a1d" relativeResultsDirectory="85c7c680-1276-4e74-bf61-15b99f6a0290" />
    <UnitTestResult executionId="770b9978-c3f4-4d0e-863a-0c0b3cc602b8" testId="d2d1d2d7-7198-b59a-052e-83537c33f930" testName="LevelLineageTagTest" computerName="DAVID-G717" duration="00:00:00.0018633" startTime="2026-03-24T18:42:45.2682787-05:00" endTime="2026-03-24T18:42:45.2701852-05:00" testType="13cdc9d9-ddb5-4fa4-a97d-d965ccfc6d4b" outcome="Passed" testListId="8c84fa94-04c1-424b-9868-57a2d4851a1d" relativeResultsDirectory="770b9978-c3f4-4d0e-863a-0c0b3cc602b8" />
    <UnitTestResult executionId="f01266d1-1a7c-4f87-88bf-9fda305b93c4" testId="10b68a3e-8cab-c458-f9b4-32b773244ad1" testName="FixupTableNameTest_CL1400" computerName="DAVID-G717" duration="00:00:00.0044640" startTime="2026-03-24T18:42:45.5440341-05:00" endTime="2026-03-24T18:42:45.5485446-05:00" testType="13cdc9d9-ddb5-4fa4-a97d-d965ccfc6d4b" outcome="Passed" testListId="8c84fa94-04c1-424b-9868-57a2d4851a1d" relativeResultsDirectory="f01266d1-1a7c-4f87-88bf-9fda305b93c4" />
    <UnitTestResult executionId="f26e2012-2932-4b67-9c11-330b6743bfa6" testId="96ae4861-ff6b-6386-8a91-86383b11d323" testName="Model_AddExpression_DeleteUndoTest_1500" computerName="DAVID-G717" duration="00:00:00.0117936" startTime="2026-03-24T18:42:49.7640336-05:00" endTime="2026-03-24T18:42:49.7759458-05:00" testType="13cdc9d9-ddb5-4fa4-a97d-d965ccfc6d4b" outcome="Passed" testListId="8c84fa94-04c1-424b-9868-57a2d4851a1d" relativeResultsDirectory="f26e2012-2932-4b67-9c11-330b6743bfa6" />
    <UnitTestResult executionId="c5ccaef0-6d1c-4c20-9c3c-8da3285e0daf" testId="b931ca5f-7fc0-ccaa-93d9-678a6cc7b8f5" testName="CalculatedColumnSourceLineageTagTest" computerName="DAVID-G717" duration="00:00:00.0020480" startTime="2026-03-24T18:42:45.2416819-05:00" endTime="2026-03-24T18:42:45.2439236-05:00" testType="13cdc9d9-ddb5-4fa4-a97d-d965ccfc6d4b" outcome="Passed" testListId="8c84fa94-04c1-424b-9868-57a2d4851a1d" relativeResultsDirectory="c5ccaef0-6d1c-4c20-9c3c-8da3285e0daf" />
    <UnitTestResult executionId="7f6fa664-43fc-41b0-9f10-1659807b9ca4" testId="ed5e86f6-811e-aba1-6e8f-f64b979ef7a1" testName="PerspectiveDescriptionTest" computerName="DAVID-G717" duration="00:00:00.0026393" startTime="2026-03-24T18:42:44.8905584-05:00" endTime="2026-03-24T18:42:44.8933008-05:00" testType="13cdc9d9-ddb5-4fa4-a97d-d965ccfc6d4b" outcome="Passed" testListId="8c84fa94-04c1-424b-9868-57a2d4851a1d" relativeResultsDirectory="7f6fa664-43fc-41b0-9f10-1659807b9ca4" />
    <UnitTestResult executionId="4d963e29-4362-4875-a283-8bad2eb4ebcb" testId="ea2b74ea-f8cb-d634-9705-53b79b762207" testName="Model_AddCalculatedTable_RenameTest_1200" computerName="DAVID-G717" duration="00:00:00.0134741" startTime="2026-03-24T18:42:46.3869101-05:00" endTime="2026-03-24T18:42:46.4005625-05:00" testType="13cdc9d9-ddb5-4fa4-a97d-d965ccfc6d4b" outcome="Passed" testListId="8c84fa94-04c1-424b-9868-57a2d4851a1d" relativeResultsDirectory="4d963e29-4362-4875-a283-8bad2eb4ebcb" />
    <UnitTestResult executionId="284b5be5-f56c-4ed8-a839-0e91577d9089" testId="f1999fb7-43a8-70d6-112b-53f1a716d3ba" testName="Model_AddRelationship_UndoRedoTest_1200" computerName="DAVID-G717" duration="00:00:00.0123807" startTime="2026-03-24T18:42:46.5489374-05:00" endTime="2026-03-24T18:42:46.5615166-05:00" testType="13cdc9d9-ddb5-4fa4-a97d-d965ccfc6d4b" outcome="Passed" testListId="8c84fa94-04c1-424b-9868-57a2d4851a1d" relativeResultsDirectory="284b5be5-f56c-4ed8-a839-0e91577d9089" />
    <UnitTestResult executionId="570b7098-5b4a-462f-ac70-fde9ceef7a3d" testId="73e810af-e65c-da41-bbed-cf7ba6c11259" testName="Model_AddRole_BaseTest_1200" computerName="DAVID-G717" duration="00:00:00.0111828" startTime="2026-03-24T18:42:46.7275309-05:00" endTime="2026-03-24T18:42:46.7388668-05:00" testType="13cdc9d9-ddb5-4fa4-a97d-d965ccfc6d4b" outcome="Passed" testListId="8c84fa94-04c1-424b-9868-57a2d4851a1d" relativeResultsDirectory="570b7098-5b4a-462f-ac70-fde9ceef7a3d" />
    <UnitTestResult executionId="52e0debd-3d9a-4886-a432-891859a62137" testId="0680ef31-becc-6045-7d47-d5c536ab523b" testName="Table_AddMeasure_DeleteUndoTest_1200" computerName="DAVID-G717" duration="00:00:00.0126070" startTime="2026-03-24T18:42:46.9884323-05:00" endTime="2026-03-24T18:42:47.0011688-05:00" testType="13cdc9d9-ddb5-4fa4-a97d-d965ccfc6d4b" outcome="Passed" testListId="8c84fa94-04c1-424b-9868-57a2d4851a1d" relativeResultsDirectory="52e0debd-3d9a-4886-a432-891859a62137" />
    <UnitTestResult executionId="5b898a59-a1e9-42c8-8f51-8a287be0753e" testId="aef9d60b-f782-441b-1160-3fbcfcf04452" testName="Model_AddCalculatedTable_DeleteUndoUndoTest_1200" computerName="DAVID-G717" duration="00:00:00.0128075" startTime="2026-03-24T18:42:46.3738296-05:00" endTime="2026-03-24T18:42:46.3868395-05:00" testType="13cdc9d9-ddb5-4fa4-a97d-d965ccfc6d4b" outcome="Passed" testListId="8c84fa94-04c1-424b-9868-57a2d4851a1d" relativeResultsDirectory="5b898a59-a1e9-42c8-8f51-8a287be0753e" />
    <UnitTestResult executionId="8eacdf98-1d02-4d6f-a97c-656a89f03473" testId="e58e3287-5edc-382f-7beb-9a4c1b14ab94" testName="StructuredDataSourceProtocolTest" computerName="DAVID-G717" duration="00:00:00.0052894" startTime="2026-03-24T18:42:44.9482559-05:00" endTime="2026-03-24T18:42:44.9536005-05:00" testType="13cdc9d9-ddb5-4fa4-a97d-d965ccfc6d4b" outcome="Passed" testListId="8c84fa94-04c1-424b-9868-57a2d4851a1d" relativeResultsDirectory="8eacdf98-1d02-4d6f-a97c-656a89f03473" />
    <UnitTestResult executionId="9f8cad79-70aa-4634-8adc-26b90cde3e61" testId="d4927866-0298-ce48-64a1-bb6177d3df68" testName="ProviderDataSourceNameTest" computerName="DAVID-G717" duration="00:00:00.0024227" startTime="2026-03-24T18:42:44.9391004-05:00" endTime="2026-03-24T18:42:44.9417102-05:00" testType="13cdc9d9-ddb5-4fa4-a97d-d965ccfc6d4b" outcome="Passed" testListId="8c84fa94-04c1-424b-9868-57a2d4851a1d" relativeResultsDirectory="9f8cad79-70aa-4634-8adc-26b90cde3e61" />
    <UnitTestResult executionId="3712155b-5691-4b8e-a935-8c247ac4cbd9" testId="64fc0717-6fff-28c9-382a-56105aed4144" testName="DataColumnDataCategoryTest" computerName="DAVID-G717" duration="00:00:00.0021728" startTime="2026-03-24T18:42:45.1441145-05:00" endTime="2026-03-24T18:42:45.1463453-05:00" testType="13cdc9d9-ddb5-4fa4-a97d-d965ccfc6d4b" outcome="Passed" testListId="8c84fa94-04c1-424b-9868-57a2d4851a1d" relativeResultsDirectory="3712155b-5691-4b8e-a935-8c247ac4cbd9" />
    <UnitTestResult executionId="ad53051e-cc7d-40a3-bea0-1bab3c0385c0" testId="cbefecde-a754-809d-e61e-8eb11f94913e" testName="SingleColumnRelationshipSecurityFilteringBehaviorTest" computerName="DAVID-G717" duration="00:00:00.0026575" startTime="2026-03-24T18:42:45.5000718-05:00" endTime="2026-03-24T18:42:45.5027788-05:00" testType="13cdc9d9-ddb5-4fa4-a97d-d965ccfc6d4b" outcome="Passed" testListId="8c84fa94-04c1-424b-9868-57a2d4851a1d" relativeResultsDirectory="ad53051e-cc7d-40a3-bea0-1bab3c0385c0" />
    <UnitTestResult executionId="3f6f56c9-7fe4-4511-b056-4cd403c1bd46" testId="50f76621-6d96-74c8-5861-1db665798c81" testName="FixUpUnqualifiedMeasureTest" computerName="DAVID-G717" duration="00:00:00.0065312" startTime="2026-03-24T18:42:45.5219281-05:00" endTime="2026-03-24T18:42:45.5285558-05:00" testType="13cdc9d9-ddb5-4fa4-a97d-d965ccfc6d4b" outcome="Passed" testListId="8c84fa94-04c1-424b-9868-57a2d4851a1d" relativeResultsDirectory="3f6f56c9-7fe4-4511-b056-4cd403c1bd46" />
    <UnitTestResult executionId="30871350-6534-498a-967d-8355a50c7594" testId="41217b32-8b9f-535a-7fdd-611ea4e2a2b0" testName="Model_AddRole_DeleteTest_1400" computerName="DAVID-G717" duration="00:00:00.0171816" startTime="2026-03-24T18:42:48.5019213-05:00" endTime="2026-03-24T18:42:48.5192890-05:00" testType="13cdc9d9-ddb5-4fa4-a97d-d965ccfc6d4b" outcome="Passed" testListId="8c84fa94-04c1-424b-9868-57a2d4851a1d" relativeResultsDirectory="30871350-6534-498a-967d-8355a50c7594" />
    <UnitTestResult executionId="de0a8b9a-042c-4082-a279-cfabc458593d" testId="1df93bdc-b2de-b29b-e7e3-fdaf5f5adc78" testName="DataColumnIsHiddenTest" computerName="DAVID-G717" duration="00:00:00.0020982" startTime="2026-03-24T18:42:45.1487468-05:00" endTime="2026-03-24T18:42:45.1509017-05:00" testType="13cdc9d9-ddb5-4fa4-a97d-d965ccfc6d4b" outcome="Passed" testListId="8c84fa94-04c1-424b-9868-57a2d4851a1d" relativeResultsDirectory="de0a8b9a-042c-4082-a279-cfabc458593d" />
    <UnitTestResult executionId="538d2bc9-0da0-4cf8-8697-1a06e88ad006" testId="8ae1c07c-0d5c-0bbf-aae8-a786302b0a4a" testName="Model_AddDataSource_DeleteUndoUndoTest_1200" computerName="DAVID-G717" duration="00:00:00.0114782" startTime="2026-03-24T18:42:46.9182259-05:00" endTime="2026-03-24T18:42:46.9298832-05:00" testType="13cdc9d9-ddb5-4fa4-a97d-d965ccfc6d4b" outcome="Passed" testListId="8c84fa94-04c1-424b-9868-57a2d4851a1d" relativeResultsDirectory="538d2bc9-0da0-4cf8-8697-1a06e88ad006" />
    <UnitTestResult executionId="0103b62c-dca8-4c42-8d20-b7c75ea32696" testId="7dc9e0f7-b595-aff3-97af-512ed4684fe9" testName="MeasureIsHiddenTest" computerName="DAVID-G717" duration="00:00:00.0023488" startTime="2026-03-24T18:42:45.2815058-05:00" endTime="2026-03-24T18:42:45.2839073-05:00" testType="13cdc9d9-ddb5-4fa4-a97d-d965ccfc6d4b" outcome="Passed" testListId="8c84fa94-04c1-424b-9868-57a2d4851a1d" relativeResultsDirectory="0103b62c-dca8-4c42-8d20-b7c75ea32696" />
    <UnitTestResult executionId="165b28a8-6fdd-4b53-8cab-4d93b509bc5c" testId="c6f81571-a9ab-decd-ea5f-60e62de00ec7" testName="Model_AddExpression_DeleteUndoUndoTest_1500" computerName="DAVID-G717" duration="00:00:00.0133312" startTime="2026-03-24T18:42:49.7910952-05:00" endTime="2026-03-24T18:42:49.8045805-05:00" testType="13cdc9d9-ddb5-4fa4-a97d-d965ccfc6d4b" outcome="Passed" testListId="8c84fa94-04c1-424b-9868-57a2d4851a1d" relativeResultsDirectory="165b28a8-6fdd-4b53-8cab-4d93b509bc5c" />
    <UnitTestResult executionId="fc5fda51-c08e-4206-bbd1-ecb55f5c5207" testId="4fb7db8c-60e8-1fab-78d8-483ab111130d" testName="CalculationGroupTableExcludeFromModelRefreshTest" computerName="DAVID-G717" duration="00:00:00.0017111" startTime="2026-03-24T18:42:45.4559632-05:00" endTime="2026-03-24T18:42:45.4577196-05:00" testType="13cdc9d9-ddb5-4fa4-a97d-d965ccfc6d4b" outcome="Passed" testListId="8c84fa94-04c1-424b-9868-57a2d4851a1d" relativeResultsDirectory="fc5fda51-c08e-4206-bbd1-ecb55f5c5207" />
    <UnitTestResult executionId="adff3b54-d1b4-407b-a84d-8a3cd147c728" testId="fedf4305-2453-3011-c779-69fa30efe2d5" testName="Table_AddDataColumn_UndoTest_1400" computerName="DAVID-G717" duration="00:00:00.0133919" startTime="2026-03-24T18:42:49.3923531-05:00" endTime="2026-03-24T18:42:49.4058714-05:00" testType="13cdc9d9-ddb5-4fa4-a97d-d965ccfc6d4b" outcome="Passed" testListId="8c84fa94-04c1-424b-9868-57a2d4851a1d" relativeResultsDirectory="adff3b54-d1b4-407b-a84d-8a3cd147c728" />
    <UnitTestResult executionId="f8ea11a7-f333-4075-b966-57780e448cbe" testId="90677b9b-cf8d-825e-e8fc-7e11d59ae01a" testName="CalculatedTableDataCategoryTest" computerName="DAVID-G717" duration="00:00:00.0020209" startTime="2026-03-24T18:42:45.3293608-05:00" endTime="2026-03-24T18:42:45.3314407-05:00" testType="13cdc9d9-ddb5-4fa4-a97d-d965ccfc6d4b" outcome="Passed" testListId="8c84fa94-04c1-424b-9868-57a2d4851a1d" relativeResultsDirectory="f8ea11a7-f333-4075-b966-57780e448cbe" />
    <UnitTestResult executionId="04090370-edef-4e51-a1b2-98af997060e6" testId="0f836592-a6dc-4eae-d482-85a36dbb593e" testName="StructuredDataSourcePasswordTest" computerName="DAVID-G717" duration="00:00:00.0017985" startTime="2026-03-24T18:42:44.9559273-05:00" endTime="2026-03-24T18:42:44.9577858-05:00" testType="13cdc9d9-ddb5-4fa4-a97d-d965ccfc6d4b" outcome="Passed" testListId="8c84fa94-04c1-424b-9868-57a2d4851a1d" relativeResultsDirectory="04090370-edef-4e51-a1b2-98af997060e6" />
    <UnitTestResult executionId="dfe6edb9-a7ab-41af-8cc4-f4ac5aab1081" testId="7be12d40-6d60-321e-005b-4f89af917481" testName="StructuredDataSourceResourceTest" computerName="DAVID-G717" duration="00:00:00.0019329" startTime="2026-03-24T18:42:44.9918484-05:00" endTime="2026-03-24T18:42:44.9938310-05:00" testType="13cdc9d9-ddb5-4fa4-a97d-d965ccfc6d4b" outcome="Passed" testListId="8c84fa94-04c1-424b-9868-57a2d4851a1d" relativeResultsDirectory="dfe6edb9-a7ab-41af-8cc4-f4ac5aab1081" />
    <UnitTestResult executionId="633d94f2-2f4a-44e8-b272-6ee2bbe03e4c" testId="9e43b11c-541b-5c2c-0f6d-e736d14fc64f" testName="Model_AddRelationship_DeleteUndoUndoTest_1400" computerName="DAVID-G717" duration="00:00:00.0173843" startTime="2026-03-24T18:42:48.2864586-05:00" endTime="2026-03-24T18:42:48.3041388-05:00" testType="13cdc9d9-ddb5-4fa4-a97d-d965ccfc6d4b" outcome="Passed" testListId="8c84fa94-04c1-424b-9868-57a2d4851a1d" relativeResultsDirectory="633d94f2-2f4a-44e8-b272-6ee2bbe03e4c" />
    <UnitTestResult executionId="78b73479-8b80-4736-a600-ab656a88d896" testId="8e63b836-66b1-e2c6-ab5f-4bebaa1dcf7e" testName="Table_AddCalculatedColumn_DeleteTest_1400" computerName="DAVID-G717" duration="00:00:00.0118834" startTime="2026-03-24T18:42:49.3185965-05:00" endTime="2026-03-24T18:42:49.3306335-05:00" testType="13cdc9d9-ddb5-4fa4-a97d-d965ccfc6d4b" outcome="Passed" testListId="8c84fa94-04c1-424b-9868-57a2d4851a1d" relativeResultsDirectory="78b73479-8b80-4736-a600-ab656a88d896" />
    <UnitTestResult executionId="7c12c355-6889-49c8-b6cd-196cced646f2" testId="651275a2-7bac-17ae-ee13-a8faae450d2b" testName="Model_AddPerspective_UndoRedoTest_1500" computerName="DAVID-G717" duration="00:00:00.0150541" startTime="2026-03-24T18:42:49.6299812-05:00" endTime="2026-03-24T18:42:49.6452418-05:00" testType="13cdc9d9-ddb5-4fa4-a97d-d965ccfc6d4b" outcome="Passed" testListId="8c84fa94-04c1-424b-9868-57a2d4851a1d" relativeResultsDirectory="7c12c355-6889-49c8-b6cd-196cced646f2" />
    <UnitTestResult executionId="bf6d0444-d6ca-49ff-ab48-bd92dcbbcf44" testId="9d263c4c-2566-20b3-e8aa-f11abc12f1dc" testName="Table_AddCalculatedColumn_DeleteTest_1500" computerName="DAVID-G717" duration="00:00:00.0126406" startTime="2026-03-24T18:42:51.0226532-05:00" endTime="2026-03-24T18:42:51.0353839-05:00" testType="13cdc9d9-ddb5-4fa4-a97d-d965ccfc6d4b" outcome="Passed" testListId="8c84fa94-04c1-424b-9868-57a2d4851a1d" relativeResultsDirectory="bf6d0444-d6ca-49ff-ab48-bd92dcbbcf44" />
    <UnitTestResult executionId="df615e94-71d2-4fb3-bcdf-57aed187dda9" testId="506db348-6d70-887a-6028-92f170a20631" testName="Model_AddCalculatedTable_DeleteUndoTest_1500" computerName="DAVID-G717" duration="00:00:00.0133170" startTime="2026-03-24T18:42:49.8706072-05:00" endTime="2026-03-24T18:42:49.8841555-05:00" testType="13cdc9d9-ddb5-4fa4-a97d-d965ccfc6d4b" outcome="Passed" testListId="8c84fa94-04c1-424b-9868-57a2d4851a1d" relativeResultsDirectory="df615e94-71d2-4fb3-bcdf-57aed187dda9" />
[...]
    <TestEntry testId="142e6855-d8ea-835e-3c54-371a2d713230" executionId="99dfa119-8bef-4555-b31a-44bae2d8f893" testListId="8c84fa94-04c1-424b-9868-57a2d4851a1d" />
    <TestEntry testId="cd14e54c-9830-debd-de92-dbdf85fdbc2a" executionId="cf6e97d5-f9b2-4433-a0cc-82084cdbd30b" testListId="8c84fa94-04c1-424b-9868-57a2d4851a1d" />
    <TestEntry testId="3ea30a16-3579-9899-86ec-b2115cb01cf6" executionId="82e6f4c6-2868-4203-8fc9-ea9558acda4f" testListId="8c84fa94-04c1-424b-9868-57a2d4851a1d" />
    <TestEntry testId="84655d6d-a37b-ca0a-5ca6-7801173c1df6" executionId="97a8c1f3-c5b2-4769-ae4b-c3532cf1bf5d" testListId="8c84fa94-04c1-424b-9868-57a2d4851a1d" />
    <TestEntry testId="a2409199-adeb-114a-5028-e73357476140" executionId="0f6edae5-2521-423f-a9a5-ca59b182ebe0" testListId="8c84fa94-04c1-424b-9868-57a2d4851a1d" />
    <TestEntry testId="9dd4c55e-fbdb-7937-ef4d-9e0ae54888e5" executionId="66801227-f731-4433-b994-f76324047e01" testListId="8c84fa94-04c1-424b-9868-57a2d4851a1d" />
    <TestEntry testId="96f04cff-5f58-f666-184e-e5f0f572edd4" executionId="4ea92e3f-7b72-478e-a8ca-d19537b016f2" testListId="8c84fa94-04c1-424b-9868-57a2d4851a1d" />
    <TestEntry testId="2a548518-0937-e9e0-af01-ded0f2045ba7" executionId="8f7c6297-1967-4fc6-9cf3-95caf4ab59b7" testListId="8c84fa94-04c1-424b-9868-57a2d4851a1d" />
    <TestEntry testId="3ae6f61d-1f30-15f0-2ae6-0ebe65fcf3a7" executionId="8b1224a1-59c0-4f6a-bf58-abd2c69d8fa7" testListId="8c84fa94-04c1-424b-9868-57a2d4851a1d" />
    <TestEntry testId="280d39ed-5f70-a7dc-f860-a2c93cfa826a" executionId="0649d892-ad65-4ee0-87dd-809653643520" testListId="8c84fa94-04c1-424b-9868-57a2d4851a1d" />
    <TestEntry testId="183cf377-ed81-9bf4-e2c3-56f073d59993" executionId="882cf70f-873f-4ee6-a028-29b1ebedd06e" testListId="8c84fa94-04c1-424b-9868-57a2d4851a1d" />
    <TestEntry testId="72842e79-6298-7e9d-ae38-4f99b5549812" executionId="c3d87045-c8a6-4b33-a3df-6a01bb29618a" testListId="8c84fa94-04c1-424b-9868-57a2d4851a1d" />
    <TestEntry testId="ddcd84aa-664f-351f-dfae-4b94bfba8484" executionId="3a9863b8-a05e-4f39-a2eb-bc2c6c089f8d" testListId="8c84fa94-04c1-424b-9868-57a2d4851a1d" />
    <TestEntry testId="e7e13870-cc19-6f68-3215-f392dad944de" executionId="f89f3a51-0149-435e-9000-d80bd0fdcd29" testListId="8c84fa94-04c1-424b-9868-57a2d4851a1d" />
    <TestEntry testId="ed23f72a-c811-dd6f-7127-5b350c766841" executionId="900256b8-3ba8-4bb5-be35-64a33bb8c104" testListId="8c84fa94-04c1-424b-9868-57a2d4851a1d" />
    <TestEntry testId="79c4c885-24a3-5353-b172-9fbd50db1170" executionId="51d3f005-c922-44be-9b69-a078c13769f5" testListId="8c84fa94-04c1-424b-9868-57a2d4851a1d" />
    <TestEntry testId="3ac0fb4d-5614-d67d-7f95-3af8c9b06bd7" executionId="c632af30-1b3c-4ad9-b2ad-220a00cecbba" testListId="8c84fa94-04c1-424b-9868-57a2d4851a1d" />
    <TestEntry testId="9044ecb4-2149-c822-2993-83c4960b90e2" executionId="540cb633-99f2-4450-b0af-5a4faef9a779" testListId="8c84fa94-04c1-424b-9868-57a2d4851a1d" />
    <TestEntry testId="62730e49-3970-e769-902a-1253f1d257de" executionId="61a1021a-2c23-4038-bbcc-e78a6d606f8d" testListId="8c84fa94-04c1-424b-9868-57a2d4851a1d" />
    <TestEntry testId="023a3f8a-09ae-7320-69da-7458b5d6d0dd" executionId="bfcec162-d446-48c5-963c-5a12beabad77" testListId="8c84fa94-04c1-424b-9868-57a2d4851a1d" />
    <TestEntry testId="796f5ddf-c226-cafc-cca3-b86777a1f7d1" executionId="35e805ac-b591-4a72-bcfd-577021327c2e" testListId="8c84fa94-04c1-424b-9868-57a2d4851a1d" />
    <TestEntry testId="55dd7cb5-1c84-49dc-d426-86b579896d60" executionId="c0316d00-2536-4c33-abb2-e5190921daf9" testListId="8c84fa94-04c1-424b-9868-57a2d4851a1d" />
    <TestEntry testId="34f2eeff-98a4-21df-3e4c-17e6e7051c09" executionId="f0a5ebf9-4c17-4855-aa7c-a97d49f141bd" testListId="8c84fa94-04c1-424b-9868-57a2d4851a1d" />
    <TestEntry testId="d8cad8af-95b5-69fc-d083-f03f240765c7" executionId="1d8cd24e-be0f-49e7-bbbe-01ef5cc71cdb" testListId="8c84fa94-04c1-424b-9868-57a2d4851a1d" />
    <TestEntry testId="801cf249-ab2e-9b48-692f-774275512ff9" executionId="8b0a2019-3bdf-45f3-ab9e-e1a95a490874" testListId="8c84fa94-04c1-424b-9868-57a2d4851a1d" />
    <TestEntry testId="72b5f6ad-c2cb-a98b-6974-4eb428f970a1" executionId="eb4d983e-f2a3-425c-9656-7406b8819f01" testListId="8c84fa94-04c1-424b-9868-57a2d4851a1d" />
    <TestEntry testId="21acae56-429d-1292-5ac1-1c1f193826fd" executionId="9e02978c-27b3-411f-899e-947a71aa49f2" testListId="8c84fa94-04c1-424b-9868-57a2d4851a1d" />
    <TestEntry testId="a96ce0af-bb66-7941-44a4-ebe137d95c4b" executionId="f3ec7df4-aaf5-4675-9b6e-c9ca00a6c3ee" testListId="8c84fa94-04c1-424b-9868-57a2d4851a1d" />
    <TestEntry testId="e254fc58-8042-51cb-ec0b-1655f3ca324c" executionId="cbb06622-c491-4440-80a3-c6287edc5afa" testListId="8c84fa94-04c1-424b-9868-57a2d4851a1d" />
    <TestEntry testId="11873c20-a3d2-8928-75c6-f0e4de0f94f0" executionId="f85cdcf3-9678-4095-9e0e-fbcd0d3c605f" testListId="8c84fa94-04c1-424b-9868-57a2d4851a1d" />
    <TestEntry testId="abd77148-8cc5-a454-a7ca-eadbd582e948" executionId="587b8f42-96b9-4a46-bfe6-0eb6486efce3" testListId="8c84fa94-04c1-424b-9868-57a2d4851a1d" />
    <TestEntry testId="ec18260c-676c-58cb-29f5-e51c5fb32b89" executionId="4a5d85f4-c3a5-4e29-b0e8-c41b3bc66992" testListId="8c84fa94-04c1-424b-9868-57a2d4851a1d" />
    <TestEntry testId="1616e258-f195-7461-e7ad-84a7f83a10fd" executionId="3c4d5e7b-6619-4abc-a676-50fea4cb5dbf" testListId="8c84fa94-04c1-424b-9868-57a2d4851a1d" />
    <TestEntry testId="086e61a3-7e45-c7ac-dd66-a9ec0a9137ec" executionId="c0a49eb2-4e42-44fb-b973-d288d5e8d44b" testListId="8c84fa94-04c1-424b-9868-57a2d4851a1d" />
    <TestEntry testId="31f117bb-e5d5-cb6d-fe18-2f5d1f8975c5" executionId="c047eb2b-2151-43bb-a166-297c206fa993" testListId="8c84fa94-04c1-424b-9868-57a2d4851a1d" />
    <TestEntry testId="fb129027-76d5-e414-dc12-9dfe77db757e" executionId="9f1a86fb-cc17-4c65-89f7-64f69ba1e49e" testListId="8c84fa94-04c1-424b-9868-57a2d4851a1d" />
    <TestEntry testId="d37d293c-6313-0838-ee4d-f414a5b4208e" executionId="c2ca8f8a-676f-4c1b-9dbc-293fdafffd5c" testListId="8c84fa94-04c1-424b-9868-57a2d4851a1d" />
    <TestEntry testId="49c7ef20-b20d-aa6f-1184-caa0dc05c47b" executionId="751fb05d-6f21-4898-828f-eab0b878b2f1" testListId="8c84fa94-04c1-424b-9868-57a2d4851a1d" />
    <TestEntry testId="6f0a720c-1801-7974-93e8-2587d828afa5" executionId="5ea04114-3198-4e74-af8c-b8ba9de10b7c" testListId="8c84fa94-04c1-424b-9868-57a2d4851a1d" />
    <TestEntry testId="109e4285-c105-f8a1-bd71-02d10e25c9c7" executionId="f6ce0a06-e4cb-47fe-a2ce-1bde1dc33a6a" testListId="8c84fa94-04c1-424b-9868-57a2d4851a1d" />
    <TestEntry testId="6ec0d0a7-2ab2-1354-70dd-b30bae331203" executionId="1789815c-7ac7-496d-957a-e4cfaaf36a42" testListId="8c84fa94-04c1-424b-9868-57a2d4851a1d" />
    <TestEntry testId="16b1b1b0-e8bf-316a-602e-690347c931ce" executionId="f44c6ed9-9f45-4083-8094-7defd94c102a" testListId="8c84fa94-04c1-424b-9868-57a2d4851a1d" />
    <TestEntry testId="b536dac7-fd7a-a640-02bf-47cccf94c4a5" executionId="fd60fcce-79e6-48be-b072-72f227357796" testListId="8c84fa94-04c1-424b-9868-57a2d4851a1d" />
    <TestEntry testId="a305770a-949f-57ec-1fba-88bba092e9d5" executionId="6a3ff29f-5c71-4ab5-8d7e-9cb78f29fa52" testListId="8c84fa94-04c1-424b-9868-57a2d4851a1d" />
    <TestEntry testId="bbb35af7-5bee-873d-c434-3df077bad6d5" executionId="d96096a2-64ac-4473-b8b0-7993ef7a6aaa" testListId="8c84fa94-04c1-424b-9868-57a2d4851a1d" />
    <TestEntry testId="d794f2cb-7266-2714-551e-18112f3954d6" executionId="dbe9c22c-0128-432f-87f7-d8034cde7f8b" testListId="8c84fa94-04c1-424b-9868-57a2d4851a1d" />
    <TestEntry testId="5035aa21-c952-361a-c9da-0ea1e88766f8" executionId="f019b9fe-74e7-4080-b643-ac39b685d4ac" testListId="8c84fa94-04c1-424b-9868-57a2d4851a1d" />
    <TestEntry testId="a4c8f064-682d-2c5f-705a-43f9b18175dd" executionId="80372275-a9be-4209-b45a-818b79b1cdb4" testListId="8c84fa94-04c1-424b-9868-57a2d4851a1d" />
    <TestEntry testId="e6b576ed-f8cb-01e6-2249-0055e035cbb5" executionId="0669fa36-d160-482e-a35b-1918d9f20826" testListId="8c84fa94-04c1-424b-9868-57a2d4851a1d" />
    <TestEntry testId="dc6cd9d2-560c-d8ca-122d-0fb8a1f9476e" executionId="3b031c88-ba37-4653-8ffb-d92bb8f9ca93" testListId="8c84fa94-04c1-424b-9868-57a2d4851a1d" />
    <TestEntry testId="45e973bd-748f-7ef3-4eed-db9639c58699" executionId="b15a4948-a977-400f-b720-a83effab2c82" testListId="8c84fa94-04c1-424b-9868-57a2d4851a1d" />
    <TestEntry testId="6ed9c893-abbe-515d-98ae-ee1868287788" executionId="082f7107-5e7a-4e77-aab4-d243b1349e89" testListId="8c84fa94-04c1-424b-9868-57a2d4851a1d" />
    <TestEntry testId="12d5cb27-1b64-8954-8fcf-ee0f08772208" executionId="a23768ad-0c85-46b1-a19c-bb3972387e86" testListId="8c84fa94-04c1-424b-9868-57a2d4851a1d" />
    <TestEntry testId="fb9c4973-6996-267e-a397-5874ae81e32f" executionId="8376f1bc-90bf-4d10-9dbf-f0c0fb370d98" testListId="8c84fa94-04c1-424b-9868-57a2d4851a1d" />
    <TestEntry testId="ee532304-3a31-327d-8079-0dc2a92d65f9" executionId="b7c23734-00b8-494f-a01d-3b30b2e349dd" testListId="8c84fa94-04c1-424b-9868-57a2d4851a1d" />
    <TestEntry testId="5f760105-0d69-7e9e-2e62-df3018d390f0" executionId="845c4624-9e3f-4b40-bb71-2a28935abe82" testListId="8c84fa94-04c1-424b-9868-57a2d4851a1d" />
    <TestEntry testId="7e7f1d9b-35c2-3437-b398-852ca403d6db" executionId="fde21dde-27a9-4a2a-a201-d6da74b86841" testListId="8c84fa94-04c1-424b-9868-57a2d4851a1d" />
    <TestEntry testId="63d72a96-c3d9-a93e-b2b1-22c1562b75af" executionId="8f235f8b-59e7-459a-8a42-25965eb140a0" testListId="8c84fa94-04c1-424b-9868-57a2d4851a1d" />
    <TestEntry testId="0163ee01-c493-734f-51dd-fdf6633b748a" executionId="0f21b147-d942-4105-8d6d-6a37b61ec60b" testListId="8c84fa94-04c1-424b-9868-57a2d4851a1d" />
    <TestEntry testId="42e1e310-5cc5-073a-62f5-21042bd9a793" executionId="e7c01d01-ee91-41a5-8969-66f15e39eaa7" testListId="8c84fa94-04c1-424b-9868-57a2d4851a1d" />
    <TestEntry testId="c9c77b70-b6f1-c01d-d857-d05af8d8bb71" executionId="2c6d389d-27a6-4de1-a18e-1a09bb4e86b1" testListId="8c84fa94-04c1-424b-9868-57a2d4851a1d" />
    <TestEntry testId="48b52599-9fb0-d96d-da79-3faef4c0ca84" executionId="d27d6f06-3f9d-4bc9-a0a2-0f2d07894d7d" testListId="8c84fa94-04c1-424b-9868-57a2d4851a1d" />
    <TestEntry testId="a487df84-dc3a-8af4-cf1a-3a9b51b44f6f" executionId="d74b0120-77f7-42a1-baf6-f441e1641b7f" testListId="8c84fa94-04c1-424b-9868-57a2d4851a1d" />
    <TestEntry testId="36c7cecc-bc55-46ea-0113-5e7b4b298a39" executionId="bcc3ce4e-52f6-4c7d-9587-40feca3781e5" testListId="8c84fa94-04c1-424b-9868-57a2d4851a1d" />
    <TestEntry testId="fe6d6ac6-1f67-d698-a4cc-a5288b68fd96" executionId="6117597b-59c1-49fc-9943-56cbbb2b9165" testListId="8c84fa94-04c1-424b-9868-57a2d4851a1d" />
    <TestEntry testId="2a29e819-ed12-9817-4559-156c7ede7461" executionId="8886a18d-9d4f-4706-bc3e-a14f369f3eaa" testListId="8c84fa94-04c1-424b-9868-57a2d4851a1d" />
    <TestEntry testId="8e01d27a-6052-a0ee-258e-9be674e1cd49" executionId="b2b47b6a-5e83-4126-982e-8118a75db6ec" testListId="8c84fa94-04c1-424b-9868-57a2d4851a1d" />
    <TestEntry testId="b1625922-8b54-2c94-a6d5-1e2a22eaab3f" executionId="760916b5-9579-4035-a47e-a852d835da88" testListId="8c84fa94-04c1-424b-9868-57a2d4851a1d" />
    <TestEntry testId="964710b3-90fe-8ffc-7f07-f610eae1c573" executionId="ff624ff4-a2a1-4e28-a8db-82d3d9633ff6" testListId="8c84fa94-04c1-424b-9868-57a2d4851a1d" />
    <TestEntry testId="fff60ad0-92ee-0123-a0e2-d26e0cf5d485" executionId="002bdd1d-efe6-4f25-8d53-c641eb9b77e4" testListId="8c84fa94-04c1-424b-9868-57a2d4851a1d" />
    <TestEntry testId="72eed88b-9542-ecee-5406-a5c5d6613340" executionId="c720ee21-3175-41d6-a0ea-93a3587b1de1" testListId="8c84fa94-04c1-424b-9868-57a2d4851a1d" />
    <TestEntry testId="c7e59adc-6113-5e79-3679-5525cdbbd041" executionId="a33bbefe-82bc-4e4d-8245-52b1b13c6aa2" testListId="8c84fa94-04c1-424b-9868-57a2d4851a1d" />
    <TestEntry testId="447a924b-8123-ff05-d0c9-6cdd7f79ea33" executionId="b0e4312b-506a-4143-8482-d1d2297116e8" testListId="8c84fa94-04c1-424b-9868-57a2d4851a1d" />
    <TestEntry testId="97af0c05-ef7e-8471-efdc-fcbaa2704518" executionId="2cf09f60-575d-4adb-8500-1933627e7f95" testListId="8c84fa94-04c1-424b-9868-57a2d4851a1d" />
    <TestEntry testId="cb021cb3-9dc5-b3fd-ea71-88433ff6713e" executionId="1b9d7d85-4fe2-41dd-a73e-7ed250ba86ed" testListId="8c84fa94-04c1-424b-9868-57a2d4851a1d" />
    <TestEntry testId="78bf95f3-2ec1-edd1-fcca-e60d1071a000" executionId="f0893e4d-52a7-4e33-b9ca-d845274871fc" testListId="8c84fa94-04c1-424b-9868-57a2d4851a1d" />
    <TestEntry testId="0b66bdd9-06b2-f8e3-0cd5-1dd1cf1835fd" executionId="756ff2ad-64d9-43ce-970b-83445720fb63" testListId="8c84fa94-04c1-424b-9868-57a2d4851a1d" />
    <TestEntry testId="da73ce3c-3245-7908-a1b5-f3b0b5aaf7ff" executionId="4e79cf31-a6ee-4627-9fbc-7c8ad14bba2b" testListId="8c84fa94-04c1-424b-9868-57a2d4851a1d" />
    <TestEntry testId="1d153dab-3c13-1dcf-6fbe-90c993025ed2" executionId="c9f2ad70-9c0c-4cd4-a49d-8e730f557cf3" testListId="8c84fa94-04c1-424b-9868-57a2d4851a1d" />
    <TestEntry testId="cbae5ee8-98b5-15eb-ba44-1ee0b8224d36" executionId="bdde37a6-0c89-407b-b64b-216eb2c2edbc" testListId="8c84fa94-04c1-424b-9868-57a2d4851a1d" />
    <TestEntry testId="cc9616af-c737-5947-99a0-28e351ad2dc8" executionId="78328380-4b6f-40b0-9b74-d47e1881fac4" testListId="8c84fa94-04c1-424b-9868-57a2d4851a1d" />
    <TestEntry testId="05e8c4f2-3dde-c542-eeec-66cda7734471" executionId="28897809-edfd-4480-a62a-68b482b88587" testListId="8c84fa94-04c1-424b-9868-57a2d4851a1d" />
    <TestEntry testId="f6e40e40-e2e2-fc8e-6e56-49672dbac8b7" executionId="3b457fd2-a80b-4a91-a178-4443cb5b8d9e" testListId="8c84fa94-04c1-424b-9868-57a2d4851a1d" />
    <TestEntry testId="f563001b-fe71-4ed6-4e49-f3fd77eacde1" executionId="6b2209c4-4bb4-4498-b416-55dbde019fb6" testListId="8c84fa94-04c1-424b-9868-57a2d4851a1d" />
    <TestEntry testId="cb47f0d2-b18b-8465-cbf6-0ed53c0ce116" executionId="69b3bf85-9587-4976-a322-ff7d906a5c6e" testListId="8c84fa94-04c1-424b-9868-57a2d4851a1d" />
    <TestEntry testId="38fff6a8-5a9b-d34e-541c-923b36bc1727" executionId="71b0c7e7-d982-42f6-8eae-72db8f07cb73" testListId="8c84fa94-04c1-424b-9868-57a2d4851a1d" />
    <TestEntry testId="1b038812-cf7d-22ae-e42a-c75b364885a2" executionId="b0b19339-29b5-4a25-8400-7c535c5b3269" testListId="8c84fa94-04c1-424b-9868-57a2d4851a1d" />
    <TestEntry testId="9ac8978e-7dd3-b173-7d45-5f1ad281ea6a" executionId="b53104e2-9d78-4358-93ee-db28bda484c9" testListId="8c84fa94-04c1-424b-9868-57a2d4851a1d" />
    <TestEntry testId="9ffc731b-d680-27e8-59ea-1a9535ee5637" executionId="60ea4e4c-baa6-4511-988f-e3901305aec1" testListId="8c84fa94-04c1-424b-9868-57a2d4851a1d" />
    <TestEntry testId="be11fef0-950b-1e7c-6c33-6c6c0b98c923" executionId="c7905864-9b64-4195-82b4-27c62ec0c8f9" testListId="8c84fa94-04c1-424b-9868-57a2d4851a1d" />
    <TestEntry testId="c616fcb1-9e80-c774-47ea-4b6cc2cba3ea" executionId="3ad81bd3-a9d8-4f09-a58f-c5000052e96e" testListId="8c84fa94-04c1-424b-9868-57a2d4851a1d" />
    <TestEntry testId="46c9fbfc-9e1d-24e2-4dc3-4f442f587429" executionId="01edc7df-80d0-4cc9-9d15-47a8346efd79" testListId="8c84fa94-04c1-424b-9868-57a2d4851a1d" />
    <TestEntry testId="131c80f9-2cac-41c1-5047-8499f4cd4de0" executionId="88f48030-4785-444d-9b8d-401e25ac4a12" testListId="8c84fa94-04c1-424b-9868-57a2d4851a1d" />
    <TestEntry testId="b1d6fff6-263d-a946-ac99-0a68599d226d" executionId="d139fee0-56a3-41a9-b6b8-9b8a7bba6688" testListId="8c84fa94-04c1-424b-9868-57a2d4851a1d" />
    <TestEntry testId="83c15368-4621-e6cf-fbd2-4edeffdc629d" executionId="1d1c1c17-6f37-4b88-804e-a2a8ffb03ce8" testListId="8c84fa94-04c1-424b-9868-57a2d4851a1d" />
    <TestEntry testId="117092d6-4caf-de38-eb4f-04aa9f9baf9c" executionId="b6c72c4e-2015-4f8f-8bcb-4ac3b978705b" testListId="8c84fa94-04c1-424b-9868-57a2d4851a1d" />
    <TestEntry testId="cab28cf9-63f6-164a-9cb3-98c2f9d6e67a" executionId="ee9482b8-79af-4a1f-b8c8-c5118357f052" testListId="8c84fa94-04c1-424b-9868-57a2d4851a1d" />
    <TestEntry testId="559e83d3-874f-ee03-1b26-4a950035913f" executionId="16d90b1e-2253-4039-8a02-095a7499f085" testListId="8c84fa94-04c1-424b-9868-57a2d4851a1d" />
    <TestEntry testId="39f114e9-1e03-ded9-23c3-472d0cc9ef08" executionId="454e61a1-0a9c-4aeb-863e-29bcbb3782a5" testListId="8c84fa94-04c1-424b-9868-57a2d4851a1d" />
    <TestEntry testId="5ec370f5-855c-f226-cedf-d8618e2572dd" executionId="87ff10b1-2bfe-463b-a729-a3172a89ebe3" testListId="8c84fa94-04c1-424b-9868-57a2d4851a1d" />
    <TestEntry testId="133fb9fc-2d20-4732-17a3-77a7b2afb9a5" executionId="50c8dedd-4a46-4232-af7c-262fe848a458" testListId="8c84fa94-04c1-424b-9868-57a2d4851a1d" />
    <TestEntry testId="6bf9c836-2d27-db0f-cb5c-894cb8ba59ff" executionId="0551f4b0-f991-42d8-b5c0-b106f6240bd9" testListId="8c84fa94-04c1-424b-9868-57a2d4851a1d" />
    <TestEntry testId="b6ef18e1-6bf1-11e5-a569-a2363651c20a" executionId="a0f4139a-0c9e-4858-8c38-dc51e1ebc8ad" testListId="8c84fa94-04c1-424b-9868-57a2d4851a1d" />
    <TestEntry testId="deb23ff7-6aa5-ab77-09c7-d97b7be251da" executionId="4f18e836-6b15-4a7b-bec1-c90641f4481b" testListId="8c84fa94-04c1-424b-9868-57a2d4851a1d" />
    <TestEntry testId="1aacce90-6f03-c964-c6d8-0dd9dd9c84fe" executionId="5be20b24-a463-4bb7-82a4-617f35876510" testListId="8c84fa94-04c1-424b-9868-57a2d4851a1d" />
    <TestEntry testId="3a779046-b351-d872-d301-b4a9e0c2f2ac" executionId="7defa953-b236-4861-8cc2-ad9528e40d89" testListId="8c84fa94-04c1-424b-9868-57a2d4851a1d" />
    <TestEntry testId="110aaba5-ce1b-af46-b4f9-49d7985e1f97" executionId="6bd31f9e-5f7f-4eb0-96c6-3051485bf22a" testListId="8c84fa94-04c1-424b-9868-57a2d4851a1d" />
    <TestEntry testId="3e2c978b-7afd-152a-f3bb-de877cbd6a48" executionId="f4ec9b73-db0f-4b2c-8d74-e2b58edd4b35" testListId="8c84fa94-04c1-424b-9868-57a2d4851a1d" />
    <TestEntry testId="97de0321-b3d1-6073-bc88-07b1f47f311f" executionId="4e7a719e-62d4-4547-9432-a73430e7effe" testListId="8c84fa94-04c1-424b-9868-57a2d4851a1d" />
    <TestEntry testId="d704a37e-6b18-f66d-9014-8e4985dae53d" executionId="54c98559-f2bb-496b-9b73-d688d3513542" testListId="8c84fa94-04c1-424b-9868-57a2d4851a1d" />
    <TestEntry testId="3e66eb13-6d26-1793-541a-58f3a04f7dd7" executionId="8ece81ca-2993-4831-bdeb-8abe87d1ed3b" testListId="8c84fa94-04c1-424b-9868-57a2d4851a1d" />
    <TestEntry testId="ef8b30db-7a69-1143-fc59-15638537cd25" executionId="deffdd94-ae8e-4c68-b823-88c01bc44375" testListId="8c84fa94-04c1-424b-9868-57a2d4851a1d" />
    <TestEntry testId="c165cecf-9bcd-2510-5326-2e230727b29e" executionId="9eaf56c4-3662-42c2-99e5-673837841d95" testListId="8c84fa94-04c1-424b-9868-57a2d4851a1d" />
    <TestEntry testId="9662f610-eace-6b0e-d3d7-c133c7037878" executionId="5ddbbb93-8cb3-4f16-9716-9ca5a8315745" testListId="8c84fa94-04c1-424b-9868-57a2d4851a1d" />
    <TestEntry testId="2fbf1d38-3ab5-4556-ad89-45fcb2e51d4c" executionId="747cb723-2943-4f09-8eee-701a36dc1eb5" testListId="8c84fa94-04c1-424b-9868-57a2d4851a1d" />
    <TestEntry testId="b7473dcf-68b1-2cef-56e2-8dc166d8994b" executionId="db79a1f2-fd48-47a1-bcf2-c0f5a9f1017f" testListId="8c84fa94-04c1-424b-9868-57a2d4851a1d" />
    <TestEntry testId="01ca6807-85c7-6a4f-cdbd-e8d871aeb38b" executionId="82d1883b-97d8-4fc9-80ea-4ad0870c3e67" testListId="8c84fa94-04c1-424b-9868-57a2d4851a1d" />
    <TestEntry testId="2c877028-9ad1-0d53-6d0d-fc622a15c40e" executionId="ae47d0a5-8c3c-4581-b7a0-44f6db57fac9" testListId="8c84fa94-04c1-424b-9868-57a2d4851a1d" />
  </TestEntries>
  <TestLists>
    <TestList name="Results Not in a List" id="8c84fa94-04c1-424b-9868-57a2d4851a1d" />
    <TestList name="All Loaded Results" id="19431567-8539-422a-85d7-44ee4e166bda" />
  </TestLists>
  <ResultSummary outcome="Failed">
    <Counters total="696" executed="696" passed="666" failed="30" error="0" timeout="0" aborted="0" inconclusive="0" passedButRunAborted="0" notRunnable="0" notExecuted="0" disconnected="0" warning="0" completed="0" inProgress="0" pending="0" />
  </ResultSummary>
</TestRun>